Feb 02 2025 17:37:40 - Starting EPG merge process...
Feb 02 2025 17:37:40 - Running command: npm run grab -- --channels=./scripts/_epg-start/channels-custom-start.xml --output=./scripts/_epg-end/channels-custom-02-02-05-37-40 PM.xml
Feb 02 2025 17:37:40 - STDOUT: 
Feb 02 2025 17:37:40 - STDOUT: > grab
Feb 02 2025 17:37:40 - STDOUT: > npx tsx /Users/kyleabrahams/Documents/GitHub/tv/scripts/commands/epg/grab.ts --channels=./scripts/_epg-start/channels-custom-start.xml --output=./scripts/_epg-end/channels-custom-02-02-05-37-40 PM.xml
Feb 02 2025 17:37:40 - STDOUT: 
Feb 02 2025 17:37:41 - STDERR: 
Feb 02 2025 17:37:41 - STDERR: node:internal/modules/run_main:128
Feb 02 2025 17:37:41 - STDERR: triggerUncaughtException(
Feb 02 2025 17:37:41 - STDERR: ^
Feb 02 2025 17:37:41 - STDERR: Error [ERR_MODULE_NOT_FOUND]: Cannot find module '/Users/kyleabrahams/Documents/GitHub/tv/scripts/commands/epg/grab.ts' imported from /workspaces/tv/
Feb 02 2025 17:37:41 - STDERR: at finalizeResolution (node:internal/modules/esm/resolve:265:11)
Feb 02 2025 17:37:41 - STDERR: at moduleResolve (node:internal/modules/esm/resolve:933:10)
Feb 02 2025 17:37:41 - STDERR: at defaultResolve (node:internal/modules/esm/resolve:1169:11)
Feb 02 2025 17:37:41 - STDERR: at nextResolve (node:internal/modules/esm/hooks:868:28)
Feb 02 2025 17:37:41 - STDERR: at resolveBase (file:///workspaces/tv/node_modules/tsx/dist/esm/index.mjs?1738517860999:2:3212)
Feb 02 2025 17:37:41 - STDERR: at async resolveDirectory (file:///workspaces/tv/node_modules/tsx/dist/esm/index.mjs?1738517860999:2:3578)
Feb 02 2025 17:37:41 - STDERR: at async resolve (file:///workspaces/tv/node_modules/tsx/dist/esm/index.mjs?1738517860999:2:4441)
Feb 02 2025 17:37:41 - STDERR: at async nextResolve (node:internal/modules/esm/hooks:868:22)
Feb 02 2025 17:37:41 - STDERR: at async Hooks.resolve (node:internal/modules/esm/hooks:306:24)
Feb 02 2025 17:37:41 - STDERR: at async handleMessage (node:internal/modules/esm/worker:196:18) {
Feb 02 2025 17:37:41 - STDERR: code: 'ERR_MODULE_NOT_FOUND',
Feb 02 2025 17:37:41 - STDERR: url: 'file:///Users/kyleabrahams/Documents/GitHub/tv/scripts/commands/epg/grab.ts'
Feb 02 2025 17:37:41 - STDERR: }
Feb 02 2025 17:37:41 - STDERR: 
Feb 02 2025 17:37:41 - STDERR: Node.js v20.18.1
Feb 02 2025 17:37:41 - Command npm run grab -- --channels=./scripts/_epg-start/channels-custom-start.xml --output=./scripts/_epg-end/channels-custom-02-02-05-37-40 PM.xml failed with error code 1.
Feb 02 2025 17:37:41 - Fetching 1/2 - /workspaces/tv/scripts/_epg-end/channel-custom-start-20250128.xml
Feb 02 2025 17:37:41 - Successfully loaded local file: /workspaces/tv/scripts/_epg-end/channel-custom-start-20250128.xml
Feb 02 2025 17:37:41 - Fetching 2/2 - /workspaces/tv/scripts/_epg-end/dummy-2025-02-02-05-37-40 PM.xml
Feb 02 2025 17:37:41 - Successfully loaded local file: /workspaces/tv/scripts/_epg-end/dummy-2025-02-02-05-37-40 PM.xml
Feb 02 2025 17:37:42 - EPG file successfully saved to /workspaces/tv/scripts/merged_epg.xml at Feb 02, 2025 05:37:42 PM ET
Feb 02 2025 17:40:07 - Starting EPG merge process...
Feb 02 2025 17:40:07 - Running command: npm run grab -- --channels=./scripts/_epg-start/channels-custom-start.xml --output=./scripts/_epg-end/channels-custom-02-02-05-40-07 PM.xml
Feb 02 2025 17:40:07 - STDOUT: 
Feb 02 2025 17:40:07 - STDOUT: > grab
Feb 02 2025 17:40:07 - STDOUT: > npx tsx /Users/kyleabrahams/Documents/GitHub/tv/scripts/commands/epg/grab.ts --channels=./scripts/_epg-start/channels-custom-start.xml --output=./scripts/_epg-end/channels-custom-02-02-05-40-07 PM.xml
Feb 02 2025 17:40:07 - STDOUT: 
Feb 02 2025 17:40:08 - STDERR: 
Feb 02 2025 17:40:08 - STDERR: node:internal/modules/run_main:128
Feb 02 2025 17:40:08 - STDERR: triggerUncaughtException(
Feb 02 2025 17:40:08 - STDERR: ^
Feb 02 2025 17:40:08 - STDERR: Error [ERR_MODULE_NOT_FOUND]: Cannot find module '/Users/kyleabrahams/Documents/GitHub/tv/scripts/commands/epg/grab.ts' imported from /workspaces/tv/
Feb 02 2025 17:40:08 - STDERR: at finalizeResolution (node:internal/modules/esm/resolve:265:11)
Feb 02 2025 17:40:08 - STDERR: at moduleResolve (node:internal/modules/esm/resolve:933:10)
Feb 02 2025 17:40:08 - STDERR: at defaultResolve (node:internal/modules/esm/resolve:1169:11)
Feb 02 2025 17:40:08 - STDERR: at nextResolve (node:internal/modules/esm/hooks:868:28)
Feb 02 2025 17:40:08 - STDERR: at resolveBase (file:///workspaces/tv/node_modules/tsx/dist/esm/index.mjs?1738518007975:2:3212)
Feb 02 2025 17:40:08 - STDERR: at async resolveDirectory (file:///workspaces/tv/node_modules/tsx/dist/esm/index.mjs?1738518007975:2:3578)
Feb 02 2025 17:40:08 - STDERR: at async resolve (file:///workspaces/tv/node_modules/tsx/dist/esm/index.mjs?1738518007975:2:4441)
Feb 02 2025 17:40:08 - STDERR: at async nextResolve (node:internal/modules/esm/hooks:868:22)
Feb 02 2025 17:40:08 - STDERR: at async Hooks.resolve (node:internal/modules/esm/hooks:306:24)
Feb 02 2025 17:40:08 - STDERR: at async handleMessage (node:internal/modules/esm/worker:196:18) {
Feb 02 2025 17:40:08 - STDERR: code: 'ERR_MODULE_NOT_FOUND',
Feb 02 2025 17:40:08 - STDERR: url: 'file:///Users/kyleabrahams/Documents/GitHub/tv/scripts/commands/epg/grab.ts'
Feb 02 2025 17:40:08 - STDERR: }
Feb 02 2025 17:40:08 - STDERR: 
Feb 02 2025 17:40:08 - STDERR: Node.js v20.18.1
Feb 02 2025 17:40:08 - Command npm run grab -- --channels=./scripts/_epg-start/channels-custom-start.xml --output=./scripts/_epg-end/channels-custom-02-02-05-40-07 PM.xml failed with error code 1.
Feb 02 2025 17:40:08 - Fetching 1/2 - /workspaces/tv/scripts/_epg-end/channel-custom-start-20250128.xml
Feb 02 2025 17:40:08 - Successfully loaded local file: /workspaces/tv/scripts/_epg-end/channel-custom-start-20250128.xml
Feb 02 2025 17:40:08 - Fetching 2/2 - /workspaces/tv/scripts/_epg-end/dummy-2025-02-02-05-40-07 PM.xml
Feb 02 2025 17:40:08 - Successfully loaded local file: /workspaces/tv/scripts/_epg-end/dummy-2025-02-02-05-40-07 PM.xml
Feb 02 2025 17:40:09 - EPG file successfully saved to /workspaces/tv/scripts/merged_epg.xml at Feb 02, 2025 05:40:09 PM ET
Feb 02 2025 17:47:55 - Starting EPG merge process...
Feb 02 2025 17:47:55 - Running command: npm run grab -- --channels=./scripts/_epg-start/channels-custom-start.xml --output=./scripts/_epg-end/channels-custom-02-02-05-47-55 PM.xml
Feb 02 2025 17:47:55 - STDOUT: 
Feb 02 2025 17:47:55 - STDOUT: > grab
Feb 02 2025 17:47:55 - STDOUT: > npx tsx /Users/kyleabrahams/Documents/GitHub/tv/scripts/commands/epg/grab.ts --channels=./scripts/_epg-start/channels-custom-start.xml --output=./scripts/_epg-end/channels-custom-02-02-05-47-55 PM.xml
Feb 02 2025 17:47:55 - STDOUT: 
Feb 02 2025 17:47:56 - STDERR: 
Feb 02 2025 17:47:56 - STDERR: node:internal/modules/run_main:128
Feb 02 2025 17:47:56 - STDERR: triggerUncaughtException(
Feb 02 2025 17:47:56 - STDERR: ^
Feb 02 2025 17:47:56 - STDERR: Error [ERR_MODULE_NOT_FOUND]: Cannot find module '/Users/kyleabrahams/Documents/GitHub/tv/scripts/commands/epg/grab.ts' imported from /workspaces/tv/
Feb 02 2025 17:47:56 - STDERR: at finalizeResolution (node:internal/modules/esm/resolve:265:11)
Feb 02 2025 17:47:56 - STDERR: at moduleResolve (node:internal/modules/esm/resolve:933:10)
Feb 02 2025 17:47:56 - STDERR: at defaultResolve (node:internal/modules/esm/resolve:1169:11)
Feb 02 2025 17:47:56 - STDERR: at nextResolve (node:internal/modules/esm/hooks:868:28)
Feb 02 2025 17:47:56 - STDERR: at resolveBase (file:///workspaces/tv/node_modules/tsx/dist/esm/index.mjs?1738518476274:2:3212)
Feb 02 2025 17:47:56 - STDERR: at async resolveDirectory (file:///workspaces/tv/node_modules/tsx/dist/esm/index.mjs?1738518476274:2:3578)
Feb 02 2025 17:47:56 - STDERR: at async resolve (file:///workspaces/tv/node_modules/tsx/dist/esm/index.mjs?1738518476274:2:4441)
Feb 02 2025 17:47:56 - STDERR: at async nextResolve (node:internal/modules/esm/hooks:868:22)
Feb 02 2025 17:47:56 - STDERR: at async Hooks.resolve (node:internal/modules/esm/hooks:306:24)
Feb 02 2025 17:47:56 - STDERR: at async handleMessage (node:internal/modules/esm/worker:196:18) {
Feb 02 2025 17:47:56 - STDERR: code: 'ERR_MODULE_NOT_FOUND',
Feb 02 2025 17:47:56 - STDERR: url: 'file:///Users/kyleabrahams/Documents/GitHub/tv/scripts/commands/epg/grab.ts'
Feb 02 2025 17:47:56 - STDERR: }
Feb 02 2025 17:47:56 - STDERR: 
Feb 02 2025 17:47:56 - STDERR: Node.js v20.18.1
Feb 02 2025 17:47:56 - Command npm run grab -- --channels=./scripts/_epg-start/channels-custom-start.xml --output=./scripts/_epg-end/channels-custom-02-02-05-47-55 PM.xml failed with error code 1.
Feb 02 2025 17:47:56 - Fetching 1/2 - /workspaces/tv/scripts/_epg-end/dummy-2025-02-02-05-47-55 PM.xml
Feb 02 2025 17:47:56 - Successfully loaded local file: /workspaces/tv/scripts/_epg-end/dummy-2025-02-02-05-47-55 PM.xml
Feb 02 2025 17:47:56 - Fetching 2/2 - /workspaces/tv/scripts/_epg-end/channel-custom-start-20250128.xml
Feb 02 2025 17:47:57 - Successfully loaded local file: /workspaces/tv/scripts/_epg-end/channel-custom-start-20250128.xml
Feb 02 2025 17:47:57 - EPG file successfully saved to /workspaces/tv/scripts/merged_epg.xml at Feb 02, 2025 05:47:57 PM ET
