2024-11-06 18:00:01,616 - INFO - Fetching 1/22 - https://www.bevy.be/bevyfiles/canadapremium.xml
2024-11-06 18:00:03,526 - INFO - Successfully fetched 1/22
2024-11-06 18:00:04,064 - INFO - Fetching 2/22 - https://www.bevy.be/bevyfiles/canadapremium2.xml
2024-11-06 18:00:06,089 - INFO - Successfully fetched 2/22
2024-11-06 18:00:06,614 - INFO - Fetching 3/22 - https://www.bevy.be/bevyfiles/canadapremium3.xml
2024-11-06 18:00:08,363 - INFO - Successfully fetched 3/22
2024-11-06 18:00:08,939 - INFO - Fetching 4/22 - https://www.bevy.be/bevyfiles/canada.xml
2024-11-06 18:00:10,465 - INFO - Successfully fetched 4/22
2024-11-06 18:00:11,037 - INFO - Fetching 5/22 - https://i.mjh.nz/SamsungTVPlus/all.xml
2024-11-06 18:00:11,631 - INFO - Successfully fetched 5/22
2024-11-06 18:00:12,207 - INFO - Fetching 6/22 - https://i.mjh.nz/SamsungTVPlus/us.xml
2024-11-06 18:00:12,956 - INFO - Successfully fetched 6/22
2024-11-06 18:00:13,504 - INFO - Fetching 7/22 - https://i.mjh.nz/SamsungTVPlus/ca.xml
2024-11-06 18:00:14,198 - INFO - Successfully fetched 7/22
2024-11-06 18:00:14,739 - INFO - Fetching 8/22 - https://i.mjh.nz/PlutoTV/all.xml
2024-11-06 18:00:17,407 - INFO - Successfully fetched 8/22
2024-11-06 18:00:18,011 - INFO - Fetching 9/22 - https://i.mjh.nz/Plex/all.xml
2024-11-06 18:00:19,685 - INFO - Successfully fetched 9/22
2024-11-06 18:00:20,247 - INFO - Fetching 10/22 - https://i.mjh.nz/Stirr/all.xml
2024-11-06 18:00:20,637 - INFO - Successfully fetched 10/22
2024-11-06 18:00:21,219 - INFO - Fetching 11/22 - https://i.mjh.nz/PBS/all.xml
2024-11-06 18:00:22,354 - INFO - Successfully fetched 11/22
2024-11-06 18:00:22,876 - INFO - Fetching 12/22 - https://www.bevy.be/bevyfiles/unitedstatespremium1.xml
2024-11-06 18:00:24,559 - INFO - Successfully fetched 12/22
2024-11-06 18:00:25,118 - INFO - Fetching 13/22 - https://www.bevy.be/bevyfiles/unitedstatespremium2.xml
2024-11-06 18:00:28,117 - INFO - Successfully fetched 13/22
2024-11-06 18:00:28,630 - INFO - Fetching 14/22 - https://www.bevy.be/bevyfiles/unitedstatespremium3.xml
2024-11-06 18:00:31,719 - INFO - Successfully fetched 14/22
2024-11-06 18:00:32,314 - INFO - Fetching 15/22 - https://www.bevy.be/bevyfiles/unitedstatespremium4.xml
2024-11-06 18:00:34,229 - INFO - Successfully fetched 15/22
2024-11-06 18:00:34,785 - INFO - Fetching 16/22 - https://www.bevy.be/bevyfiles/unitedstatespremium5.xml
2024-11-06 18:00:36,818 - INFO - Successfully fetched 16/22
2024-11-06 18:00:37,392 - INFO - Fetching 17/22 - https://www.bevy.be/bevyfiles/unitedstatespremium6.xml
2024-11-06 18:00:38,877 - INFO - Successfully fetched 17/22
2024-11-06 18:00:39,457 - INFO - Fetching 18/22 - https://www.bevy.be/bevyfiles/unitedstatespremium7.xml
2024-11-06 18:00:41,026 - INFO - Successfully fetched 18/22
2024-11-06 18:00:41,604 - INFO - Fetching 19/22 - https://www.bevy.be/bevyfiles/unitedkingdom.xml
2024-11-06 18:00:43,637 - INFO - Successfully fetched 19/22
2024-11-06 18:00:44,229 - INFO - Fetching 20/22 - https://www.bevy.be/bevyfiles/unitedkingdompremium1.xml
2024-11-06 18:00:45,639 - INFO - Successfully fetched 20/22
2024-11-06 18:00:46,209 - INFO - Fetching 21/22 - https://www.bevy.be/bevyfiles/unitedkingdompremium2.xml
2024-11-06 18:00:47,311 - INFO - Successfully fetched 21/22
2024-11-06 18:00:47,882 - INFO - Fetching 22/22 - https://www.bevy.be/bevyfiles/unitedkingdompremium3.xml
2024-11-06 18:00:49,503 - INFO - Successfully fetched 22/22
2024-11-06 18:01:04,863 - INFO - EPG file successfully saved to /usr/local/var/www/epg.xml
