2024-11-25 11:47:18 - Starting Nginx installation script.
2024-11-25 11:47:18 - Checking if Nginx is running.
2024-11-25 11:47:18 - Nginx is running. Stopping Nginx...
2024-11-25 11:47:22 - Nginx stopped successfully.
2024-11-25 11:47:22 - Checking if Homebrew is installed.
2024-11-25 11:47:22 - Homebrew is already installed.
2024-11-25 11:47:22 - Fixing Homebrew permissions...
2024-11-25 11:47:22 - Homebrew permissions fixed successfully.
2024-11-25 11:47:22 - Installing or updating Nginx...
2024-11-25 11:47:31 - Nginx installed successfully.
2024-11-25 11:47:31 - Checking /usr/local/var/www directory.
2024-11-25 11:47:31 - /usr/local/var/www already exists.
2024-11-25 11:47:31 - Copying custom Nginx config...
2024-11-25 11:47:34 - Custom Nginx configuration copied successfully.
2024-11-25 11:47:34 - Ensuring /usr/local/var/run exists.
2024-11-25 11:47:34 - /usr/local/var/run exists.
2024-11-25 11:47:34 - Testing Nginx configuration...
2024-11-25 11:47:34 - Nginx configuration test successful.
2024-11-25 11:47:34 - Starting Nginx...
2024-11-25 11:47:34 - Nginx started successfully.
2024-11-25 11:47:34 - Ensuring Nginx runs on boot...
2024-11-25 11:47:35 - Nginx configured to start on boot.
2024-11-25 11:47:35 - Creating a virtual environment...
2024-11-25 11:47:36 - Installing Python requests module...
2024-11-25 11:47:37 - Running merge_epg.py script...
2024-11-25 11:51:04 - Starting Nginx installation script.
2024-11-25 11:51:04 - Checking if Nginx is running.
2024-11-25 11:51:04 - Nginx is running. Stopping Nginx...
2024-11-25 11:51:07 - Nginx stopped successfully.
2024-11-25 11:51:07 - Checking if Homebrew is installed.
2024-11-25 11:51:07 - Homebrew is already installed.
2024-11-25 11:51:07 - Fixing Homebrew permissions...
2024-11-25 11:51:07 - Homebrew permissions fixed successfully.
2024-11-25 11:51:07 - Installing or updating Nginx...
2024-11-25 11:51:09 - Nginx installed successfully.
2024-11-25 11:51:09 - Checking /usr/local/var/www directory.
2024-11-25 11:51:09 - /usr/local/var/www already exists.
2024-11-25 11:51:09 - Copying custom Nginx config...
2024-11-25 11:51:13 - Custom Nginx configuration copied successfully.
2024-11-25 11:51:13 - Ensuring /usr/local/var/run exists.
2024-11-25 11:51:13 - /usr/local/var/run exists.
2024-11-25 11:51:13 - Testing Nginx configuration...
2024-11-25 11:51:13 - Nginx configuration test successful.
2024-11-25 11:51:13 - Starting Nginx...
2024-11-25 11:51:16 - Nginx started successfully.
2024-11-25 11:51:16 - Ensuring Nginx runs on boot...
2024-11-25 11:51:17 - Nginx configured to start on boot.
2024-11-25 11:51:17 - Creating a virtual environment...
2024-11-25 11:51:18 - Installing Python requests module...
2024-11-25 11:51:19 - Running merge_epg.py script...
2024-11-25 11:57:22 - Starting Nginx installation script.
2024-11-25 11:57:22 - Checking if Nginx is running.
2024-11-25 11:57:22 - Nginx is running. Stopping Nginx...
2024-11-25 11:57:26 - Nginx stopped successfully.
2024-11-25 11:57:26 - Checking if Homebrew is installed.
2024-11-25 11:57:26 - Homebrew is already installed.
2024-11-25 11:57:26 - Fixing Homebrew permissions...
2024-11-25 11:57:26 - Homebrew permissions fixed successfully.
2024-11-25 11:57:26 - Installing or updating Nginx...
2024-11-25 11:57:28 - Nginx installed successfully.
2024-11-25 11:57:28 - Checking /usr/local/var/www directory.
2024-11-25 11:57:28 - /usr/local/var/www already exists.
2024-11-25 11:57:28 - Copying custom Nginx config...
2024-11-25 11:57:32 - Custom Nginx configuration copied successfully.
2024-11-25 11:57:32 - Ensuring /usr/local/var/run exists.
2024-11-25 11:57:32 - /usr/local/var/run exists.
2024-11-25 11:57:32 - Testing Nginx configuration...
2024-11-25 11:57:32 - Nginx configuration test successful.
2024-11-25 11:57:32 - Starting Nginx...
2024-11-25 11:57:35 - Nginx started successfully.
2024-11-25 11:57:35 - Ensuring Nginx runs on boot...
2024-11-25 11:57:36 - Nginx configured to start on boot.
2024-11-25 11:57:36 - Creating a virtual environment...
2024-11-25 11:57:36 - Installing Python requests module...
2024-11-25 11:57:46 - merge_epg.py script execution skipped.
2024-11-25 11:57:46 - Setting up cron job to run merge_epg.py every day at midnight...
2024-11-25 11:57:46 - Cron job for merge_epg.py set up successfully.
2024-11-25 13:10:59 - Starting Nginx installation script.
2024-11-25 13:10:59 - Checking if Nginx is running.
2024-11-25 13:10:59 - Nginx is running. Stopping Nginx...
2024-11-25 13:11:02 - Nginx stopped successfully.
2024-11-25 13:11:02 - Checking if Homebrew is installed.
2024-11-25 13:11:02 - Homebrew is already installed.
2024-11-25 13:11:02 - Fixing Homebrew permissions...
2024-11-25 13:11:02 - Homebrew permissions fixed successfully.
2024-11-25 13:11:02 - Installing or updating Nginx...
2024-11-25 13:11:08 - Nginx installed successfully.
2024-11-25 13:11:08 - Checking /usr/local/var/www directory.
2024-11-25 13:11:11 - /usr/local/var/www created and permissions set.
2024-11-25 13:11:11 - Copying custom Nginx config...
2024-11-25 13:11:11 - Custom Nginx configuration copied successfully.
2024-11-25 13:11:11 - Ensuring /usr/local/var/run exists.
2024-11-25 13:11:12 - /usr/local/var/run exists.
2024-11-25 13:11:12 - Testing Nginx configuration...
2024-11-25 13:11:12 - Nginx configuration test successful.
2024-11-25 13:11:12 - Starting Nginx...
2024-11-25 13:11:14 - Nginx started successfully.
2024-11-25 13:11:14 - Ensuring Nginx runs on boot...
2024-11-25 13:11:14 - /Library/LaunchDaemons/homebrew.mxcl.nginx.plist not found. Skipping modification.
2024-11-25 13:11:15 - Nginx configured to start on boot.
2024-11-25 13:11:15 - Creating a virtual environment...
2024-11-25 13:11:16 - Installing Python requests module...
2024-11-25 13:11:21 - merge_epg.py script execution skipped.
2024-11-25 13:11:21 - Setting up cron job to run merge_epg.py every day at midnight...
2024-11-25 13:11:21 - Cron job for merge_epg.py set up successfully.
2024-11-25 13:14:12 - Starting Nginx installation script.
2024-11-25 13:14:12 - Checking if Nginx is running.
2024-11-25 13:14:12 - Nginx is running. Stopping Nginx...
2024-11-25 13:14:14 - Nginx stopped successfully.
2024-11-25 13:14:14 - Checking if Homebrew is installed.
2024-11-25 13:14:14 - Homebrew is already installed.
2024-11-25 13:14:14 - Fixing Homebrew permissions...
2024-11-25 13:14:15 - Homebrew permissions fixed successfully.
2024-11-25 13:14:15 - Installing or updating Nginx...
2024-11-25 13:14:17 - Nginx installed successfully.
2024-11-25 13:14:17 - Checking /usr/local/var/www directory.
2024-11-25 13:14:20 - /usr/local/var/www created and permissions set.
2024-11-25 13:14:20 - Copying custom Nginx config...
2024-11-25 13:14:20 - Custom Nginx configuration copied successfully.
2024-11-25 13:14:20 - Ensuring /usr/local/var/run exists.
2024-11-25 13:14:20 - /usr/local/var/run exists.
2024-11-25 13:14:20 - Testing Nginx configuration...
2024-11-25 13:14:20 - Nginx configuration test successful.
2024-11-25 13:14:20 - Starting Nginx...
2024-11-25 13:14:23 - Nginx started successfully.
2024-11-25 13:14:23 - Ensuring Nginx runs on boot...
2024-11-25 13:14:23 - /Library/LaunchDaemons/homebrew.mxcl.nginx.plist not found. Skipping modification.
2024-11-25 13:14:24 - Nginx configured to start on boot.
2024-11-25 13:14:24 - Creating a virtual environment...
2024-11-25 13:14:25 - Installing Python requests module...
2024-11-25 13:14:28 - merge_epg.py script execution skipped.
2024-11-25 13:14:28 - Setting up cron job to run merge_epg.py every 12 hours and log output 1pm, 1am...
2024-11-25 13:14:28 - Cron job for merge_epg.py set up successfully.
2024-11-25 13:14:28 - Setting up cron job to reload Nginx every 6 hours after the EPG update and log output...
2024-11-25 13:14:28 - Cron job for Nginx reload set up successfully.
2024-11-25 13:14:28 - Setting up cron job to log 'Cron is working' every minute...
2024-11-25 13:14:28 - Cron job for cron_test.log set up successfully.
2024-11-25 13:20:09 - Starting Nginx installation script.
2024-11-25 13:20:09 - Checking if Nginx is running.
2024-11-25 13:20:09 - Nginx is running. Stopping Nginx...
2024-11-25 13:20:17 - Nginx stopped successfully.
2024-11-25 13:20:17 - Checking if Homebrew is installed.
2024-11-25 13:20:17 - Homebrew is already installed.
2024-11-25 13:20:17 - Fixing Homebrew permissions...
2024-11-25 13:20:17 - Homebrew permissions fixed successfully.
2024-11-25 13:20:17 - Installing or updating Nginx...
2024-11-25 13:20:21 - Nginx installed successfully.
2024-11-25 13:20:21 - Checking /usr/local/var/www directory.
2024-11-25 13:20:46 - /usr/local/var/www created and permissions set.
2024-11-25 13:20:46 - Copying custom Nginx config...
2024-11-25 13:20:46 - Custom Nginx configuration copied successfully.
2024-11-25 13:20:46 - Ensuring /usr/local/var/run exists.
2024-11-25 13:20:46 - /usr/local/var/run exists.
2024-11-25 13:20:46 - Testing Nginx configuration...
2024-11-25 13:20:46 - Nginx configuration test successful.
2024-11-25 13:20:46 - Starting Nginx...
2024-11-25 13:20:48 - Nginx started successfully.
2024-11-25 13:20:48 - Ensuring Nginx runs on boot...
2024-11-25 13:20:48 - /Library/LaunchDaemons/homebrew.mxcl.nginx.plist not found. Skipping modification.
2024-11-25 13:20:49 - Nginx configured to start on boot.
2024-11-25 13:20:49 - Creating a virtual environment...
2024-11-25 13:20:50 - Installing Python requests module...
2024-11-25 13:20:53 - Running merge_epg.py script...
2024-11-25 13:22:48 - Setting up cron job to run merge_epg.py every 12 hours and log output 1pm, 1am...
2024-11-25 13:22:48 - Cron job for merge_epg.py set up successfully.
2024-11-25 13:22:48 - Setting up cron job to reload Nginx every 6 hours after the EPG update and log output...
2024-11-25 13:22:48 - Cron job for Nginx reload set up successfully.
2024-11-25 13:22:48 - Setting up cron job to log 'Cron is working' every minute...
2024-11-25 13:22:48 - Cron job for cron_test.log set up successfully.
2024-11-25 13:28:12 - Starting Nginx installation script.
2024-11-25 13:28:12 - Checking if Nginx is running.
2024-11-25 13:28:12 - Nginx is running. Stopping Nginx...
2024-11-25 13:28:15 - Nginx stopped successfully.
2024-11-25 13:28:15 - Checking if Homebrew is installed.
2024-11-25 13:28:15 - Homebrew is already installed.
2024-11-25 13:28:15 - Fixing Homebrew permissions...
2024-11-25 13:28:15 - Homebrew permissions fixed successfully.
2024-11-25 13:28:15 - Installing or updating Nginx...
2024-11-25 13:28:18 - Nginx installed successfully.
2024-11-25 13:28:18 - Checking /usr/local/var/www directory.
2024-11-25 13:28:21 - /usr/local/var/www created and permissions set.
2024-11-25 13:28:21 - Copying custom Nginx config...
2024-11-25 13:28:21 - Custom Nginx configuration copied successfully.
2024-11-25 13:28:21 - Ensuring /usr/local/var/run exists.
2024-11-25 13:28:21 - /usr/local/var/run exists.
2024-11-25 13:28:21 - Testing Nginx configuration...
2024-11-25 13:28:21 - Nginx configuration test successful.
2024-11-25 13:28:21 - Starting Nginx...
2024-11-25 13:28:24 - Nginx started successfully.
2024-11-25 13:28:24 - Ensuring Nginx runs on boot...
2024-11-25 13:28:24 - /Library/LaunchDaemons/homebrew.mxcl.nginx.plist not found. Skipping modification.
2024-11-25 13:28:24 - Nginx configured to start on boot.
2024-11-25 13:28:24 - Creating a virtual environment...
2024-11-25 13:28:25 - Installing Python requests module...
2024-11-25 13:28:31 - Running merge_epg.py script...
2024-11-25 13:33:49 - Starting Nginx installation script.
2024-11-25 13:33:49 - Checking if Nginx is running.
2024-11-25 13:33:49 - Nginx is running. Stopping Nginx...
2024-11-25 13:33:52 - Nginx stopped successfully.
2024-11-25 13:33:52 - Checking if Homebrew is installed.
2024-11-25 13:33:52 - Homebrew is already installed.
2024-11-25 13:33:52 - Fixing Homebrew permissions...
2024-11-25 13:33:52 - Homebrew permissions fixed successfully.
2024-11-25 13:33:52 - Installing or updating Nginx...
2024-11-25 13:33:54 - Nginx installed successfully.
2024-11-25 13:33:54 - Checking /usr/local/var/www directory.
2024-11-25 13:33:54 - /usr/local/var/www already exists.
2024-11-25 13:33:54 - Copying custom Nginx config...
2024-11-25 13:33:58 - Custom Nginx configuration copied successfully.
2024-11-25 13:33:58 - Ensuring /usr/local/var/run exists.
2024-11-25 13:33:58 - /usr/local/var/run exists.
2024-11-25 13:33:58 - Testing Nginx configuration...
2024-11-25 13:33:58 - Nginx configuration test successful.
2024-11-25 13:33:58 - Starting Nginx...
2024-11-25 13:34:01 - Nginx started successfully.
2024-11-25 13:34:01 - Ensuring Nginx runs on boot...
2024-11-25 13:34:01 - /Library/LaunchDaemons/homebrew.mxcl.nginx.plist not found. Skipping modification.
2024-11-25 13:34:02 - Nginx configured to start on boot.
2024-11-25 13:34:02 - Creating a virtual environment...
2024-11-25 13:34:03 - Installing Python requests module...
2024-11-25 13:34:03 - Installing Python pytz module...
2024-11-25 13:34:31 - Running merge_epg.py script...
2024-11-25 13:39:18 - Starting Nginx installation script.
2024-11-25 13:39:18 - Checking if Nginx is running.
2024-11-25 13:39:18 - Nginx is running. Stopping Nginx...
2024-11-25 13:39:20 - Nginx stopped successfully.
2024-11-25 13:39:20 - Checking if Homebrew is installed.
2024-11-25 13:39:20 - Homebrew is already installed.
2024-11-25 13:39:20 - Fixing Homebrew permissions...
2024-11-25 13:39:20 - Homebrew permissions fixed successfully.
2024-11-25 13:39:20 - Installing or updating Nginx...
2024-11-25 13:39:24 - Nginx installed successfully.
2024-11-25 13:39:24 - Checking /usr/local/var/www directory.
2024-11-25 13:39:26 - /usr/local/var/www created and permissions set.
2024-11-25 13:39:26 - Copying custom Nginx config...
2024-11-25 13:39:26 - Custom Nginx configuration copied successfully.
2024-11-25 13:39:26 - Ensuring /usr/local/var/run exists.
2024-11-25 13:39:26 - /usr/local/var/run exists.
2024-11-25 13:39:26 - Testing Nginx configuration...
2024-11-25 13:39:26 - Nginx configuration test successful.
2024-11-25 13:39:26 - Starting Nginx...
2024-11-25 13:39:29 - Nginx started successfully.
2024-11-25 13:39:29 - Ensuring Nginx runs on boot...
2024-11-25 13:39:29 - /Library/LaunchDaemons/homebrew.mxcl.nginx.plist not found. Skipping modification.
2024-11-25 13:39:30 - Nginx configured to start on boot.
2024-11-25 13:39:30 - Creating a virtual environment...
2024-11-25 13:39:31 - Installing Python requests module...
2024-11-25 13:39:31 - Installing Python pytz module...
2024-11-25 13:39:34 - merge_epg.py script execution skipped.
2024-11-25 13:39:34 - Setting up cron job to run merge_epg.py every 12 hours and log output 1pm, 1am...
2024-11-25 13:39:34 - Cron job for merge_epg.py set up successfully.
2024-11-25 13:39:34 - Setting up cron job to reload Nginx every 6 hours after the EPG update and log output...
2024-11-25 13:39:34 - Cron job for Nginx reload set up successfully.
2024-11-25 13:39:34 - Setting up cron job to log 'Cron is working' every minute...
2024-11-25 13:39:34 - Cron job for cron_test.log set up successfully.
2024-11-25 13:40:59 - Starting Nginx installation script.
2024-11-25 13:40:59 - Checking if Nginx is running.
2024-11-25 13:40:59 - Nginx is running. Stopping Nginx...
2024-11-25 13:41:03 - Nginx stopped successfully.
2024-11-25 13:41:03 - Checking if Homebrew is installed.
2024-11-25 13:41:03 - Homebrew is already installed.
2024-11-25 13:41:03 - Fixing Homebrew permissions...
2024-11-25 13:41:03 - Homebrew permissions fixed successfully.
2024-11-25 13:41:03 - Installing or updating Nginx...
2024-11-25 13:41:04 - Nginx installed successfully.
2024-11-25 13:41:04 - Checking /usr/local/var/www directory.
2024-11-25 13:41:04 - /usr/local/var/www already exists.
2024-11-25 13:41:04 - Copying custom Nginx config...
2024-11-25 13:41:09 - Custom Nginx configuration copied successfully.
2024-11-25 13:41:09 - Ensuring /usr/local/var/run exists.
2024-11-25 13:41:09 - /usr/local/var/run exists.
2024-11-25 13:41:09 - Testing Nginx configuration...
2024-11-25 13:41:09 - Nginx configuration test successful.
2024-11-25 13:41:09 - Starting Nginx...
2024-11-25 13:41:12 - Nginx started successfully.
2024-11-25 13:41:12 - Ensuring Nginx runs on boot...
2024-11-25 13:41:12 - /Library/LaunchDaemons/homebrew.mxcl.nginx.plist not found. Skipping modification.
2024-11-25 13:41:13 - Nginx configured to start on boot.
2024-11-25 13:41:13 - Creating a virtual environment...
2024-11-25 13:41:14 - Installing Python requests module...
2024-11-25 13:41:14 - Installing Python pytz module...
2024-11-25 13:41:35 - Running merge_epg.py script...
2024-11-25 13:42:07 - Failed to execute merge_epg.py.
2024-11-25 13:58:28 - Starting Nginx installation script.
2024-11-25 13:58:28 - Checking if Nginx is running.
2024-11-25 13:58:28 - Nginx is running. Stopping Nginx...
2024-11-25 13:58:32 - Nginx stopped successfully.
2024-11-25 13:58:32 - Checking if Homebrew is installed.
2024-11-25 13:58:32 - Homebrew is already installed.
2024-11-25 13:58:32 - Fixing Homebrew permissions...
2024-11-25 13:58:32 - Homebrew permissions fixed successfully.
2024-11-25 13:58:32 - Installing or updating Nginx...
2024-11-25 13:58:34 - Nginx installed successfully.
2024-11-25 13:58:34 - Checking /usr/local/var/www directory.
2024-11-25 13:58:34 - /usr/local/var/www already exists.
2024-11-25 13:58:34 - Copying custom Nginx config...
2024-11-25 13:58:37 - Custom Nginx configuration copied successfully.
2024-11-25 13:58:37 - Ensuring /usr/local/var/run exists.
2024-11-25 13:58:37 - /usr/local/var/run exists.
2024-11-25 13:58:37 - Testing Nginx configuration...
2024-11-25 13:58:37 - Nginx configuration test successful.
2024-11-25 13:58:37 - Starting Nginx...
2024-11-25 13:58:40 - Nginx started successfully.
2024-11-25 13:58:40 - Ensuring Nginx runs on boot...
2024-11-25 13:58:40 - /Library/LaunchDaemons/homebrew.mxcl.nginx.plist not found. Skipping modification.
2024-11-25 13:58:41 - Nginx configured to start on boot.
2024-11-25 13:58:41 - Creating a virtual environment...
2024-11-25 13:58:42 - Installing Python requests module...
2024-11-25 13:58:42 - Installing Python pytz module...
2024-11-25 13:58:51 - Running merge_epg.py script...
2024-11-25 13:58:51 - Failed to execute merge_epg.py.
2024-11-25 13:59:54 - Starting Nginx installation script.
2024-11-25 13:59:54 - Checking if Nginx is running.
2024-11-25 13:59:54 - Nginx is running. Stopping Nginx...
2024-11-25 13:59:57 - Nginx stopped successfully.
2024-11-25 13:59:57 - Checking if Homebrew is installed.
2024-11-25 13:59:57 - Homebrew is already installed.
2024-11-25 13:59:57 - Fixing Homebrew permissions...
2024-11-25 13:59:57 - Homebrew permissions fixed successfully.
2024-11-25 13:59:57 - Installing or updating Nginx...
2024-11-25 13:59:59 - Nginx installed successfully.
2024-11-25 13:59:59 - Checking /usr/local/var/www directory.
2024-11-25 13:59:59 - /usr/local/var/www already exists.
2024-11-25 13:59:59 - Copying custom Nginx config...
2024-11-25 14:00:02 - Custom Nginx configuration copied successfully.
2024-11-25 14:00:02 - Ensuring /usr/local/var/run exists.
2024-11-25 14:00:02 - /usr/local/var/run exists.
2024-11-25 14:00:02 - Testing Nginx configuration...
2024-11-25 14:00:02 - Nginx configuration test successful.
2024-11-25 14:00:02 - Starting Nginx...
2024-11-25 14:00:05 - Nginx started successfully.
2024-11-25 14:00:05 - Ensuring Nginx runs on boot...
2024-11-25 14:00:05 - /Library/LaunchDaemons/homebrew.mxcl.nginx.plist not found. Skipping modification.
2024-11-25 14:00:05 - Nginx configured to start on boot.
2024-11-25 14:00:05 - Creating a virtual environment...
2024-11-25 14:00:06 - Installing Python requests module...
2024-11-25 14:00:07 - Installing Python pytz module...
2024-11-25 14:00:11 - Running merge_epg.py script...
2024-11-25 19:06:00 - Starting Nginx installation script.
2024-11-25 19:06:00 - Checking if Nginx is running.
2024-11-25 19:06:00 - Nginx is running. Stopping Nginx...
2024-11-25 19:06:03 - Nginx stopped successfully.
2024-11-25 19:06:03 - Checking if Homebrew is installed.
2024-11-25 19:06:03 - Homebrew is already installed.
2024-11-25 19:06:03 - Fixing Homebrew permissions...
2024-11-25 19:06:03 - Homebrew permissions fixed successfully.
2024-11-25 19:06:03 - Installing or updating Nginx...
2024-11-25 19:06:09 - Nginx installed successfully.
2024-11-25 19:06:09 - Checking /usr/local/var/www directory.
2024-11-25 19:06:09 - /usr/local/var/www already exists.
2024-11-25 19:06:09 - Copying custom Nginx config...
2024-11-25 19:06:12 - Custom Nginx configuration copied successfully.
2024-11-25 19:06:12 - Ensuring /usr/local/var/run exists.
2024-11-25 19:06:12 - /usr/local/var/run exists.
2024-11-25 19:06:12 - Testing Nginx configuration...
2024-11-25 19:06:12 - Nginx configuration test successful.
2024-11-25 19:06:12 - Starting Nginx...
2024-11-25 19:06:15 - Nginx started successfully.
2024-11-25 19:06:15 - Ensuring Nginx runs on boot...
2024-11-25 19:06:15 - /Library/LaunchDaemons/homebrew.mxcl.nginx.plist not found. Skipping modification.
2024-11-25 19:06:16 - Nginx configured to start on boot.
2024-11-25 19:06:16 - Creating a virtual environment...
2024-11-25 19:06:17 - Installing Python requests module...
2024-11-25 19:06:17 - Installing Python pytz module...
2024-11-25 19:06:23 - merge_epg.py script execution skipped.
2024-11-25 19:06:23 - Setting up cron job to run merge_epg.py every 12 hours and log output 1pm, 1am...
2024-11-25 19:06:23 - Cron job for merge_epg.py set up successfully.
2024-11-25 19:06:23 - Setting up cron job to reload Nginx every 6 hours after the EPG update and log output...
2024-11-25 19:06:23 - Cron job for Nginx reload set up successfully.
2024-11-25 19:06:23 - Setting up cron job to log 'Cron is working' every minute...
2024-11-25 19:06:23 - Cron job for cron_test.log set up successfully.
2024-11-25 19:12:52 - Starting Nginx installation script.
2024-11-25 19:12:52 - Checking if Nginx is running.
2024-11-25 19:12:52 - Nginx is running. Stopping Nginx...
2024-11-25 19:12:55 - Nginx stopped successfully.
2024-11-25 19:12:55 - Checking if Homebrew is installed.
2024-11-25 19:12:55 - Homebrew is already installed.
2024-11-25 19:12:55 - Fixing Homebrew permissions...
2024-11-25 19:12:55 - Homebrew permissions fixed successfully.
2024-11-25 19:12:55 - Installing or updating Nginx...
2024-11-25 19:12:58 - Nginx installed successfully.
2024-11-25 19:12:58 - Checking /usr/local/var/www directory.
2024-11-25 19:12:58 - /usr/local/var/www already exists.
2024-11-25 19:12:58 - Copying custom Nginx config...
2024-11-25 19:13:01 - Custom Nginx configuration copied successfully.
2024-11-25 19:13:01 - Ensuring /usr/local/var/run exists.
2024-11-25 19:13:01 - /usr/local/var/run exists.
2024-11-25 19:13:01 - Testing Nginx configuration...
2024-11-25 19:13:01 - Nginx configuration test successful.
2024-11-25 19:13:01 - Starting Nginx...
2024-11-25 19:13:03 - Nginx started successfully.
2024-11-25 19:13:03 - Ensuring Nginx runs on boot...
2024-11-25 19:13:03 - /Library/LaunchDaemons/homebrew.mxcl.nginx.plist not found. Skipping modification.
2024-11-25 19:13:04 - Nginx configured to start on boot.
2024-11-25 19:13:04 - Creating a virtual environment...
2024-11-25 19:13:05 - Installing Python requests module...
2024-11-25 19:13:05 - Installing Python pytz module...
2024-11-25 19:13:08 - merge_epg.py script execution skipped.
2024-11-25 19:13:08 - Setting up cron job to run merge_epg.py every 12 hours and log output 1pm, 1am...
2024-11-25 19:13:08 - Cron job for merge_epg.py set up successfully.
2024-11-25 19:13:08 - Setting up cron job to reload Nginx every 6 hours after the EPG update and log output...
2024-11-25 19:13:08 - Cron job for Nginx reload set up successfully.
2024-11-25 19:13:08 - Setting up cron job to log 'Cron is working' every minute...
2024-11-25 19:13:08 - Cron job for cron_test.log set up successfully.
2024-11-25 19:49:30 - Starting Nginx installation script.
2024-11-25 19:49:30 - Homebrew is already installed.
2024-11-25 19:49:30 - Installing or updating Nginx...
2024-11-25 19:49:37 - Custom Nginx configuration copied successfully.
2024-11-25 19:49:37 - Directories /usr/local/var/www and /Users/kyleabrahams/Documents/GitHub/tv/log created or verified.
2024-11-25 19:49:37 - Virtual environment created successfully.
2024-11-25 19:49:37 - Setting up cron jobs...
2024-11-25 19:49:37 - Cron jobs set up successfully.
2024-11-25 19:49:37 - Nginx installation completed successfully.
2024-11-25 19:55:49 - Starting Nginx installation script.
2024-11-25 19:55:49 - Homebrew is already installed.
2024-11-25 19:55:49 - Installing or updating Nginx...
2024-11-25 19:55:55 - Custom Nginx configuration copied successfully.
2024-11-25 19:55:55 - Directories /usr/local/var/www and /Users/kyleabrahams/Documents/GitHub/tv/log created or verified.
2024-11-25 19:55:55 - Virtual environment created successfully.
2024-11-25 19:55:55 - Setting up cron jobs...
2024-11-25 19:55:55 - Cron jobs set up successfully.
2024-11-25 19:55:55 - Nginx installation completed successfully.
