2024-11-06 18:00:01,616 - INFO - Fetching 1/22 - https://www.bevy.be/bevyfiles/canadapremium.xml
2024-11-06 18:00:03,526 - INFO - Successfully fetched 1/22
2024-11-06 18:00:04,064 - INFO - Fetching 2/22 - https://www.bevy.be/bevyfiles/canadapremium2.xml
2024-11-06 18:00:06,089 - INFO - Successfully fetched 2/22
2024-11-06 18:00:06,614 - INFO - Fetching 3/22 - https://www.bevy.be/bevyfiles/canadapremium3.xml
2024-11-06 18:00:08,363 - INFO - Successfully fetched 3/22
2024-11-06 18:00:08,939 - INFO - Fetching 4/22 - https://www.bevy.be/bevyfiles/canada.xml
2024-11-06 18:00:10,465 - INFO - Successfully fetched 4/22
2024-11-06 18:00:11,037 - INFO - Fetching 5/22 - https://i.mjh.nz/SamsungTVPlus/all.xml
2024-11-06 18:00:11,631 - INFO - Successfully fetched 5/22
2024-11-06 18:00:12,207 - INFO - Fetching 6/22 - https://i.mjh.nz/SamsungTVPlus/us.xml
2024-11-06 18:00:12,956 - INFO - Successfully fetched 6/22
2024-11-06 18:00:13,504 - INFO - Fetching 7/22 - https://i.mjh.nz/SamsungTVPlus/ca.xml
2024-11-06 18:00:14,198 - INFO - Successfully fetched 7/22
2024-11-06 18:00:14,739 - INFO - Fetching 8/22 - https://i.mjh.nz/PlutoTV/all.xml
2024-11-06 18:00:17,407 - INFO - Successfully fetched 8/22
2024-11-06 18:00:18,011 - INFO - Fetching 9/22 - https://i.mjh.nz/Plex/all.xml
2024-11-06 18:00:19,685 - INFO - Successfully fetched 9/22
2024-11-06 18:00:20,247 - INFO - Fetching 10/22 - https://i.mjh.nz/Stirr/all.xml
2024-11-06 18:00:20,637 - INFO - Successfully fetched 10/22
2024-11-06 18:00:21,219 - INFO - Fetching 11/22 - https://i.mjh.nz/PBS/all.xml
2024-11-06 18:00:22,354 - INFO - Successfully fetched 11/22
2024-11-06 18:00:22,876 - INFO - Fetching 12/22 - https://www.bevy.be/bevyfiles/unitedstatespremium1.xml
2024-11-06 18:00:24,559 - INFO - Successfully fetched 12/22
2024-11-06 18:00:25,118 - INFO - Fetching 13/22 - https://www.bevy.be/bevyfiles/unitedstatespremium2.xml
2024-11-06 18:00:28,117 - INFO - Successfully fetched 13/22
2024-11-06 18:00:28,630 - INFO - Fetching 14/22 - https://www.bevy.be/bevyfiles/unitedstatespremium3.xml
2024-11-06 18:00:31,719 - INFO - Successfully fetched 14/22
2024-11-06 18:00:32,314 - INFO - Fetching 15/22 - https://www.bevy.be/bevyfiles/unitedstatespremium4.xml
2024-11-06 18:00:34,229 - INFO - Successfully fetched 15/22
2024-11-06 18:00:34,785 - INFO - Fetching 16/22 - https://www.bevy.be/bevyfiles/unitedstatespremium5.xml
2024-11-06 18:00:36,818 - INFO - Successfully fetched 16/22
2024-11-06 18:00:37,392 - INFO - Fetching 17/22 - https://www.bevy.be/bevyfiles/unitedstatespremium6.xml
2024-11-06 18:00:38,877 - INFO - Successfully fetched 17/22
2024-11-06 18:00:39,457 - INFO - Fetching 18/22 - https://www.bevy.be/bevyfiles/unitedstatespremium7.xml
2024-11-06 18:00:41,026 - INFO - Successfully fetched 18/22
2024-11-06 18:00:41,604 - INFO - Fetching 19/22 - https://www.bevy.be/bevyfiles/unitedkingdom.xml
2024-11-06 18:00:43,637 - INFO - Successfully fetched 19/22
2024-11-06 18:00:44,229 - INFO - Fetching 20/22 - https://www.bevy.be/bevyfiles/unitedkingdompremium1.xml
2024-11-06 18:00:45,639 - INFO - Successfully fetched 20/22
2024-11-06 18:00:46,209 - INFO - Fetching 21/22 - https://www.bevy.be/bevyfiles/unitedkingdompremium2.xml
2024-11-06 18:00:47,311 - INFO - Successfully fetched 21/22
2024-11-06 18:00:47,882 - INFO - Fetching 22/22 - https://www.bevy.be/bevyfiles/unitedkingdompremium3.xml
2024-11-06 18:00:49,503 - INFO - Successfully fetched 22/22
2024-11-06 18:01:04,863 - INFO - EPG file successfully saved to /usr/local/var/www/epg.xml
2024-11-08 10:35:54,562 - INFO - Fetching 1/21 - https://www.bevy.be/bevyfiles/canadapremium.xml
2024-11-08 10:35:56,197 - INFO - Successfully fetched 1/21
2024-11-08 10:35:56,703 - INFO - Fetching 2/21 - https://www.bevy.be/bevyfiles/canadapremium2.xml
2024-11-08 10:35:58,880 - INFO - Successfully fetched 2/21
2024-11-08 10:35:59,387 - INFO - Fetching 3/21 - https://www.bevy.be/bevyfiles/canadapremium3.xml
2024-11-08 10:36:01,178 - INFO - Successfully fetched 3/21
2024-11-08 10:36:01,685 - INFO - Fetching 4/21 - https://www.bevy.be/bevyfiles/canada.xml
2024-11-08 10:36:03,307 - INFO - Successfully fetched 4/21
2024-11-08 10:36:03,814 - INFO - Fetching 5/21 - https://i.mjh.nz/SamsungTVPlus/us.xml
2024-11-08 10:36:04,060 - INFO - Successfully fetched 5/21
2024-11-08 10:36:04,566 - INFO - Fetching 6/21 - https://i.mjh.nz/SamsungTVPlus/ca.xml
2024-11-08 10:36:04,818 - INFO - Successfully fetched 6/21
2024-11-08 10:36:05,323 - INFO - Fetching 7/21 - https://i.mjh.nz/PlutoTV/all.xml
2024-11-08 10:36:08,915 - INFO - Successfully fetched 7/21
2024-11-08 10:36:09,428 - INFO - Fetching 8/21 - https://i.mjh.nz/Plex/all.xml
2024-11-08 10:36:09,994 - INFO - Successfully fetched 8/21
2024-11-08 10:36:10,505 - INFO - Fetching 9/21 - https://i.mjh.nz/Stirr/all.xml
2024-11-08 10:36:10,765 - INFO - Successfully fetched 9/21
2024-11-08 10:36:11,272 - INFO - Fetching 10/21 - https://i.mjh.nz/PBS/all.xml
2024-11-08 10:36:11,669 - INFO - Successfully fetched 10/21
2024-11-08 10:36:12,175 - INFO - Fetching 11/21 - https://www.bevy.be/bevyfiles/unitedstatespremium1.xml
2024-11-08 10:36:14,216 - INFO - Successfully fetched 11/21
2024-11-08 10:36:14,723 - INFO - Fetching 12/21 - https://www.bevy.be/bevyfiles/unitedstatespremium2.xml
2024-11-08 10:36:16,709 - INFO - Successfully fetched 12/21
2024-11-08 10:36:17,216 - INFO - Fetching 13/21 - https://www.bevy.be/bevyfiles/unitedstatespremium3.xml
2024-11-08 10:36:20,423 - INFO - Successfully fetched 13/21
2024-11-08 10:36:20,933 - INFO - Fetching 14/21 - https://www.bevy.be/bevyfiles/unitedstatespremium4.xml
2024-11-08 10:36:23,111 - INFO - Successfully fetched 14/21
2024-11-08 10:36:23,620 - INFO - Fetching 15/21 - https://www.bevy.be/bevyfiles/unitedstatespremium5.xml
2024-11-08 10:36:26,134 - INFO - Successfully fetched 15/21
2024-11-08 10:36:26,641 - INFO - Fetching 16/21 - https://www.bevy.be/bevyfiles/unitedstatespremium6.xml
2024-11-08 10:36:28,421 - INFO - Successfully fetched 16/21
2024-11-08 10:36:28,928 - INFO - Fetching 17/21 - https://www.bevy.be/bevyfiles/unitedstatespremium7.xml
2024-11-08 10:36:30,684 - INFO - Successfully fetched 17/21
2024-11-08 10:36:31,191 - INFO - Fetching 18/21 - https://www.bevy.be/bevyfiles/unitedkingdom.xml
2024-11-08 10:36:33,790 - INFO - Successfully fetched 18/21
2024-11-08 10:36:34,298 - INFO - Fetching 19/21 - https://www.bevy.be/bevyfiles/unitedkingdompremium1.xml
2024-11-08 10:36:35,732 - INFO - Successfully fetched 19/21
2024-11-08 10:36:36,239 - INFO - Fetching 20/21 - https://www.bevy.be/bevyfiles/unitedkingdompremium2.xml
2024-11-08 10:36:37,369 - INFO - Successfully fetched 20/21
2024-11-08 10:36:37,875 - INFO - Fetching 21/21 - https://www.bevy.be/bevyfiles/unitedkingdompremium3.xml
2024-11-08 10:36:39,623 - INFO - Successfully fetched 21/21
2024-11-08 10:36:43,482 - INFO - EPG file successfully saved to /usr/local/var/www/epg.xml
2024-11-08 13:24:55,418 - INFO - Fetching 1/21 - https://www.bevy.be/bevyfiles/canadapremium.xml
2024-11-08 13:24:57,215 - INFO - Successfully fetched 1/21
2024-11-08 13:24:57,721 - INFO - Fetching 2/21 - https://www.bevy.be/bevyfiles/canadapremium2.xml
2024-11-08 13:24:59,421 - INFO - Successfully fetched 2/21
2024-11-08 13:24:59,928 - INFO - Fetching 3/21 - https://www.bevy.be/bevyfiles/canadapremium3.xml
2024-11-08 13:25:01,796 - INFO - Successfully fetched 3/21
2024-11-08 13:25:02,303 - INFO - Fetching 4/21 - https://www.bevy.be/bevyfiles/canada.xml
2024-11-08 13:25:03,973 - INFO - Successfully fetched 4/21
2024-11-08 13:25:04,480 - INFO - Fetching 5/21 - https://i.mjh.nz/SamsungTVPlus/us.xml
2024-11-08 13:25:04,826 - INFO - Successfully fetched 5/21
2024-11-08 13:25:05,332 - INFO - Fetching 6/21 - https://i.mjh.nz/SamsungTVPlus/ca.xml
2024-11-08 13:25:06,367 - INFO - Successfully fetched 6/21
2024-11-08 13:25:06,872 - INFO - Fetching 7/21 - https://i.mjh.nz/PlutoTV/all.xml
2024-11-08 13:25:08,569 - INFO - Successfully fetched 7/21
2024-11-08 13:25:09,082 - INFO - Fetching 8/21 - https://i.mjh.nz/Plex/all.xml
2024-11-08 13:25:09,654 - INFO - Successfully fetched 8/21
2024-11-08 13:25:10,165 - INFO - Fetching 9/21 - https://i.mjh.nz/Stirr/all.xml
2024-11-08 13:25:10,412 - INFO - Successfully fetched 9/21
2024-11-08 13:25:10,919 - INFO - Fetching 10/21 - https://i.mjh.nz/PBS/all.xml
2024-11-08 13:25:11,717 - INFO - Successfully fetched 10/21
2024-11-08 13:25:12,224 - INFO - Fetching 11/21 - https://www.bevy.be/bevyfiles/unitedstatespremium1.xml
2024-11-08 13:25:14,069 - INFO - Successfully fetched 11/21
2024-11-08 13:25:14,576 - INFO - Fetching 12/21 - https://www.bevy.be/bevyfiles/unitedstatespremium2.xml
2024-11-08 13:25:16,366 - INFO - Successfully fetched 12/21
2024-11-08 13:25:16,872 - INFO - Fetching 13/21 - https://www.bevy.be/bevyfiles/unitedstatespremium3.xml
2024-11-08 13:25:19,177 - INFO - Successfully fetched 13/21
2024-11-08 13:25:19,687 - INFO - Fetching 14/21 - https://www.bevy.be/bevyfiles/unitedstatespremium4.xml
2024-11-08 13:25:21,634 - INFO - Successfully fetched 14/21
2024-11-08 13:25:22,143 - INFO - Fetching 15/21 - https://www.bevy.be/bevyfiles/unitedstatespremium5.xml
2024-11-08 13:25:24,160 - INFO - Successfully fetched 15/21
2024-11-08 13:25:24,668 - INFO - Fetching 16/21 - https://www.bevy.be/bevyfiles/unitedstatespremium6.xml
2024-11-08 13:25:26,233 - INFO - Successfully fetched 16/21
2024-11-08 13:25:26,745 - INFO - Fetching 17/21 - https://www.bevy.be/bevyfiles/unitedstatespremium7.xml
2024-11-08 13:25:28,878 - INFO - Successfully fetched 17/21
2024-11-08 13:25:29,383 - INFO - Fetching 18/21 - https://www.bevy.be/bevyfiles/unitedkingdom.xml
2024-11-08 13:25:32,032 - INFO - Successfully fetched 18/21
2024-11-08 13:25:32,540 - INFO - Fetching 19/21 - https://www.bevy.be/bevyfiles/unitedkingdompremium1.xml
2024-11-08 13:25:33,932 - INFO - Successfully fetched 19/21
2024-11-08 13:25:34,438 - INFO - Fetching 20/21 - https://www.bevy.be/bevyfiles/unitedkingdompremium2.xml
2024-11-08 13:25:36,114 - INFO - Successfully fetched 20/21
2024-11-08 13:25:36,620 - INFO - Fetching 21/21 - https://www.bevy.be/bevyfiles/unitedkingdompremium3.xml
2024-11-08 13:25:38,502 - INFO - Successfully fetched 21/21
2024-11-08 13:25:42,622 - INFO - EPG file successfully saved to /usr/local/var/www/epg.xml
2024-11-08 15:04:56,303 - INFO - Fetching 1/21 - https://www.bevy.be/bevyfiles/canadapremium.xml
2024-11-08 15:04:58,096 - INFO - Successfully fetched 1/21
2024-11-08 15:04:58,602 - INFO - Fetching 2/21 - https://www.bevy.be/bevyfiles/canadapremium2.xml
2024-11-08 15:05:00,380 - INFO - Successfully fetched 2/21
2024-11-08 15:05:00,887 - INFO - Fetching 3/21 - https://www.bevy.be/bevyfiles/canadapremium3.xml
2024-11-08 15:05:02,849 - INFO - Successfully fetched 3/21
2024-11-08 15:05:03,356 - INFO - Fetching 4/21 - https://www.bevy.be/bevyfiles/canada.xml
2024-11-08 15:05:05,053 - INFO - Successfully fetched 4/21
2024-11-08 15:05:05,560 - INFO - Fetching 5/21 - https://i.mjh.nz/SamsungTVPlus/us.xml
2024-11-08 15:05:05,844 - INFO - Successfully fetched 5/21
2024-11-08 15:05:06,350 - INFO - Fetching 6/21 - https://i.mjh.nz/SamsungTVPlus/ca.xml
2024-11-08 15:05:07,168 - INFO - Successfully fetched 6/21
2024-11-08 15:05:07,674 - INFO - Fetching 7/21 - https://i.mjh.nz/PlutoTV/all.xml
2024-11-08 15:05:09,118 - INFO - Successfully fetched 7/21
2024-11-08 15:05:09,631 - INFO - Fetching 8/21 - https://i.mjh.nz/Plex/all.xml
2024-11-08 15:05:10,174 - INFO - Successfully fetched 8/21
2024-11-08 15:05:10,684 - INFO - Fetching 9/21 - https://i.mjh.nz/Stirr/all.xml
2024-11-08 15:05:10,935 - INFO - Successfully fetched 9/21
2024-11-08 15:05:11,442 - INFO - Fetching 10/21 - https://i.mjh.nz/PBS/all.xml
2024-11-08 15:05:11,822 - INFO - Successfully fetched 10/21
2024-11-08 15:05:12,329 - INFO - Fetching 11/21 - https://www.bevy.be/bevyfiles/unitedstatespremium1.xml
2024-11-08 15:05:14,385 - INFO - Successfully fetched 11/21
2024-11-08 15:05:14,892 - INFO - Fetching 12/21 - https://www.bevy.be/bevyfiles/unitedstatespremium2.xml
2024-11-08 15:05:16,693 - INFO - Successfully fetched 12/21
2024-11-08 15:05:17,200 - INFO - Fetching 13/21 - https://www.bevy.be/bevyfiles/unitedstatespremium3.xml
2024-11-08 15:05:19,726 - INFO - Successfully fetched 13/21
2024-11-08 15:05:20,236 - INFO - Fetching 14/21 - https://www.bevy.be/bevyfiles/unitedstatespremium4.xml
2024-11-08 15:05:22,398 - INFO - Successfully fetched 14/21
2024-11-08 15:05:22,907 - INFO - Fetching 15/21 - https://www.bevy.be/bevyfiles/unitedstatespremium5.xml
2024-11-08 15:05:25,965 - INFO - Successfully fetched 15/21
2024-11-08 15:05:26,476 - INFO - Fetching 16/21 - https://www.bevy.be/bevyfiles/unitedstatespremium6.xml
2024-11-08 15:05:28,503 - INFO - Successfully fetched 16/21
2024-11-08 15:05:29,010 - INFO - Fetching 17/21 - https://www.bevy.be/bevyfiles/unitedstatespremium7.xml
2024-11-08 15:05:31,057 - INFO - Successfully fetched 17/21
2024-11-08 15:05:31,564 - INFO - Fetching 18/21 - https://www.bevy.be/bevyfiles/unitedkingdom.xml
2024-11-08 15:05:34,515 - INFO - Successfully fetched 18/21
2024-11-08 15:05:35,023 - INFO - Fetching 19/21 - https://www.bevy.be/bevyfiles/unitedkingdompremium1.xml
2024-11-08 15:05:36,406 - INFO - Successfully fetched 19/21
2024-11-08 15:05:36,912 - INFO - Fetching 20/21 - https://www.bevy.be/bevyfiles/unitedkingdompremium2.xml
2024-11-08 15:05:38,102 - INFO - Successfully fetched 20/21
2024-11-08 15:05:38,607 - INFO - Fetching 21/21 - https://www.bevy.be/bevyfiles/unitedkingdompremium3.xml
2024-11-08 15:05:40,408 - INFO - Successfully fetched 21/21
2024-11-08 15:05:44,990 - INFO - EPG file successfully saved to /usr/local/var/www/epg.xml
2024-11-08 15:12:22,854 - INFO - Fetching 1/21 - https://www.bevy.be/bevyfiles/canadapremium.xml
2024-11-08 15:12:24,352 - INFO - Successfully fetched 1/21
2024-11-08 15:12:24,858 - INFO - Fetching 2/21 - https://www.bevy.be/bevyfiles/canadapremium2.xml
2024-11-08 15:12:26,748 - INFO - Successfully fetched 2/21
2024-11-08 15:12:27,255 - INFO - Fetching 3/21 - https://www.bevy.be/bevyfiles/canadapremium3.xml
2024-11-08 15:12:28,925 - INFO - Successfully fetched 3/21
2024-11-08 15:12:29,432 - INFO - Fetching 4/21 - https://www.bevy.be/bevyfiles/canada.xml
2024-11-08 15:12:31,057 - INFO - Successfully fetched 4/21
2024-11-08 15:12:31,564 - INFO - Fetching 5/21 - https://i.mjh.nz/SamsungTVPlus/us.xml
2024-11-08 15:12:32,487 - INFO - Successfully fetched 5/21
2024-11-08 15:12:32,993 - INFO - Fetching 6/21 - https://i.mjh.nz/SamsungTVPlus/ca.xml
2024-11-08 15:12:33,411 - INFO - Successfully fetched 6/21
2024-11-08 15:12:33,917 - INFO - Fetching 7/21 - https://i.mjh.nz/PlutoTV/all.xml
2024-11-08 15:12:35,112 - INFO - Successfully fetched 7/21
2024-11-08 15:12:35,625 - INFO - Fetching 8/21 - https://i.mjh.nz/Plex/all.xml
2024-11-08 15:12:37,583 - INFO - Successfully fetched 8/21
2024-11-08 15:12:38,095 - INFO - Fetching 9/21 - https://i.mjh.nz/Stirr/all.xml
2024-11-08 15:12:39,145 - INFO - Successfully fetched 9/21
2024-11-08 15:12:39,652 - INFO - Fetching 10/21 - https://i.mjh.nz/PBS/all.xml
2024-11-08 15:12:40,847 - INFO - Successfully fetched 10/21
2024-11-08 15:12:41,353 - INFO - Fetching 11/21 - https://www.bevy.be/bevyfiles/unitedstatespremium1.xml
2024-11-08 15:12:43,022 - INFO - Successfully fetched 11/21
2024-11-08 15:12:43,529 - INFO - Fetching 12/21 - https://www.bevy.be/bevyfiles/unitedstatespremium2.xml
2024-11-08 15:12:45,268 - INFO - Successfully fetched 12/21
2024-11-08 15:12:45,776 - INFO - Fetching 13/21 - https://www.bevy.be/bevyfiles/unitedstatespremium3.xml
2024-11-08 15:12:48,021 - INFO - Successfully fetched 13/21
2024-11-08 15:12:48,531 - INFO - Fetching 14/21 - https://www.bevy.be/bevyfiles/unitedstatespremium4.xml
2024-11-08 15:12:50,342 - INFO - Successfully fetched 14/21
2024-11-08 15:12:50,850 - INFO - Fetching 15/21 - https://www.bevy.be/bevyfiles/unitedstatespremium5.xml
2024-11-08 15:12:52,845 - INFO - Successfully fetched 15/21
2024-11-08 15:12:53,354 - INFO - Fetching 16/21 - https://www.bevy.be/bevyfiles/unitedstatespremium6.xml
2024-11-08 15:12:54,942 - INFO - Successfully fetched 16/21
2024-11-08 15:12:55,449 - INFO - Fetching 17/21 - https://www.bevy.be/bevyfiles/unitedstatespremium7.xml
2024-11-08 15:12:57,138 - INFO - Successfully fetched 17/21
2024-11-08 15:12:57,645 - INFO - Fetching 18/21 - https://www.bevy.be/bevyfiles/unitedkingdom.xml
2024-11-08 15:13:00,163 - INFO - Successfully fetched 18/21
2024-11-08 15:13:00,672 - INFO - Fetching 19/21 - https://www.bevy.be/bevyfiles/unitedkingdompremium1.xml
2024-11-08 15:13:02,172 - INFO - Successfully fetched 19/21
2024-11-08 15:13:02,678 - INFO - Fetching 20/21 - https://www.bevy.be/bevyfiles/unitedkingdompremium2.xml
2024-11-08 15:13:03,976 - INFO - Successfully fetched 20/21
2024-11-08 15:13:04,482 - INFO - Fetching 21/21 - https://www.bevy.be/bevyfiles/unitedkingdompremium3.xml
2024-11-08 15:13:06,288 - INFO - Successfully fetched 21/21
2024-11-08 15:13:10,370 - INFO - EPG file successfully saved to /usr/local/var/www/epg.xml
