2024-11-25 12:37:09 - Starting Nginx uninstallation script.
2024-11-25 12:37:09 - Checking if Nginx is running.
2024-11-25 12:37:09 - Nginx is running. Stopping Nginx...
2024-11-25 12:37:11 - Nginx stopped successfully.
2024-11-25 12:37:11 - Uninstalling Nginx...
2024-11-25 12:37:13 - Nginx uninstalled successfully.
2024-11-25 12:37:13 - Removing Nginx configuration files...
2024-11-25 12:37:16 - Nginx configuration file removed.
2024-11-25 12:37:16 - Removing /usr/local/var/www directory...
2024-11-25 12:37:16 - /usr/local/var/www directory removed.
2024-11-25 12:37:16 - Removing /usr/local/var/run directory...
2024-11-25 12:37:16 - /usr/local/var/run directory removed.
2024-11-25 12:37:16 - Removing Nginx LaunchDaemon plist...
2024-11-25 12:37:16 - Nginx LaunchDaemon plist removed.
2024-11-25 12:37:16 - Ensuring Nginx service is stopped on boot...
2024-11-25 12:37:17 - Nginx service stopped from starting on boot.
2024-11-25 12:37:17 - Nginx uninstallation complete!
2024-11-25 12:37:35 - Starting Nginx uninstallation script.
2024-11-25 12:37:35 - Checking if Nginx is running.
2024-11-25 12:37:35 - Nginx is running. Stopping Nginx...
2024-11-25 12:37:38 - Nginx stopped successfully.
2024-11-25 12:37:38 - Uninstalling Nginx...
2024-11-25 12:37:39 - Nginx uninstalled successfully.
2024-11-25 12:37:39 - Removing Nginx configuration files...
2024-11-25 12:37:39 - Nginx configuration file does not exist.
2024-11-25 12:37:39 - Removing /usr/local/var/www directory...
2024-11-25 12:37:39 - /usr/local/var/www directory does not exist.
2024-11-25 12:37:39 - Removing /usr/local/var/run directory...
2024-11-25 12:37:39 - /usr/local/var/run directory does not exist.
2024-11-25 12:37:39 - Removing Nginx LaunchDaemon plist...
2024-11-25 12:37:39 - Nginx LaunchDaemon plist does not exist.
2024-11-25 12:37:39 - Ensuring Nginx service is stopped on boot...
2024-11-25 12:37:40 - Nginx service stopped from starting on boot.
2024-11-25 12:37:40 - Nginx uninstallation complete!
2024-11-25 12:45:49 - Starting Nginx uninstallation script.
2024-11-25 12:45:49 - Starting Nginx uninstallation script.
2024-11-25 12:45:49 - Step 1: Checking if Nginx is running.
2024-11-25 12:45:49 - Nginx is running. Attempting to stop it...
2024-11-25 12:45:52 - Failed to stop Nginx. Proceeding with uninstallation.
2024-11-25 12:45:52 - Step 2: Uninstalling Nginx using Homebrew...
2024-11-25 12:45:53 - Failed to uninstall Nginx. It may not be installed.
2024-11-25 12:45:53 - Step 3: Removing Nginx configuration files...
2024-11-25 12:45:53 - Nginx configuration file does not exist.
2024-11-25 12:45:53 - Step 4: Removing /usr/local/var/www directory...
2024-11-25 12:45:53 - /usr/local/var/www directory does not exist.
2024-11-25 12:45:53 - Step 4: Removing /usr/local/var/run directory...
2024-11-25 12:45:53 - /usr/local/var/run directory does not exist.
2024-11-25 12:45:53 - Step 5: Removing Nginx LaunchDaemon plist...
2024-11-25 12:45:53 - Nginx LaunchDaemon plist does not exist.
2024-11-25 12:45:53 - Step 6: Ensuring Nginx service is stopped on boot...
2024-11-25 12:45:54 - Nginx service stopped from starting on boot.
2024-11-25 12:45:54 - Step 7: Removing Nginx-related cron jobs...
2024-11-25 12:45:54 - Nginx-related cron jobs removed successfully.
2024-11-25 12:45:54 - Nginx uninstallation complete!
2024-11-25 12:47:02 - Starting Nginx uninstallation script.
2024-11-25 12:47:02 - Starting Nginx uninstallation script.
2024-11-25 12:47:02 - Step 1: Checking if Nginx is running.
2024-11-25 12:47:02 - Nginx is running. Attempting to stop it...
2024-11-25 12:47:05 - Failed to stop Nginx. Proceeding with uninstallation.
2024-11-25 12:47:05 - Step 2: Uninstalling Nginx using Homebrew...
2024-11-25 12:47:07 - Failed to uninstall Nginx. It may not be installed.
2024-11-25 12:47:07 - Step 3: Removing Nginx configuration files...
2024-11-25 12:47:07 - Nginx configuration file does not exist.
2024-11-25 12:47:07 - Step 4: Removing /usr/local/var/www directory...
2024-11-25 12:47:07 - /usr/local/var/www directory does not exist.
2024-11-25 12:47:07 - Step 4: Removing /usr/local/var/run directory...
2024-11-25 12:47:07 - /usr/local/var/run directory does not exist.
2024-11-25 12:47:07 - Step 5: Removing Nginx LaunchDaemon plist...
2024-11-25 12:47:07 - Nginx LaunchDaemon plist does not exist.
2024-11-25 12:47:07 - Step 6: Ensuring Nginx service is stopped on boot...
2024-11-25 12:47:08 - Nginx service stopped from starting on boot.
2024-11-25 12:47:08 - Step 7: Removing Nginx-related cron jobs...
2024-11-25 12:47:08 - Crontab backup saved.
2024-11-25 12:47:08 - No Nginx-related cron jobs found.
2024-11-25 12:52:26 - Starting Nginx uninstallation script.
2024-11-25 12:52:26 - Step 1: Checking if Nginx is running.
2024-11-25 12:52:26 - Nginx is running. Attempting to stop it...
2024-11-25 12:52:29 - Failed to stop Nginx. Proceeding with uninstallation.
2024-11-25 12:52:29 - Step 2: Uninstalling Nginx using Homebrew...
2024-11-25 12:52:30 - Failed to uninstall Nginx. It may not be installed.
2024-11-25 12:52:30 - Step 3: Removing Nginx configuration files...
2024-11-25 12:52:30 - Nginx configuration file does not exist.
2024-11-25 12:52:30 - Step 4: Removing /usr/local/var/www directory...
2024-11-25 12:52:30 - /usr/local/var/www directory does not exist.
2024-11-25 12:52:30 - Step 4: Removing /usr/local/var/run directory...
2024-11-25 12:52:30 - /usr/local/var/run directory does not exist.
2024-11-25 12:52:30 - Step 5: Removing Nginx LaunchDaemon plist...
2024-11-25 12:52:30 - Nginx LaunchDaemon plist does not exist.
2024-11-25 12:52:30 - Step 6: Ensuring Nginx service is stopped on boot...
2024-11-25 12:52:31 - Nginx service stopped from starting on boot.
2024-11-25 12:52:31 - Step 7: Removing Nginx-related cron jobs...
2024-11-25 12:52:31 - Crontab backup saved.
2024-11-25 12:52:31 - No Nginx-related cron jobs found.
2024-11-25 12:55:13 - Starting Nginx uninstallation script.
2024-11-25 12:55:13 - Step 1: Checking if Nginx is running.
2024-11-25 12:55:13 - Nginx is running. Attempting to stop it...
2024-11-25 12:55:16 - Failed to stop Nginx. Proceeding with uninstallation.
2024-11-25 12:55:16 - Step 2: Uninstalling Nginx using Homebrew...
2024-11-25 12:55:18 - Failed to uninstall Nginx. It may not be installed.
2024-11-25 12:55:18 - Step 3: Removing Nginx configuration files...
2024-11-25 12:55:18 - Nginx configuration file does not exist.
2024-11-25 12:55:18 - Step 4: Removing /usr/local/var/www directory...
2024-11-25 12:55:18 - /usr/local/var/www directory does not exist.
2024-11-25 12:55:18 - Step 4: Removing /usr/local/var/run directory...
2024-11-25 12:55:18 - /usr/local/var/run directory does not exist.
2024-11-25 12:55:18 - Step 5: Removing Nginx LaunchDaemon plist...
2024-11-25 12:55:18 - Nginx LaunchDaemon plist does not exist.
2024-11-25 12:55:18 - Step 6: Ensuring Nginx service is stopped on boot...
2024-11-25 12:55:19 - Nginx service stopped from starting on boot.
2024-11-25 12:55:19 - Step 7: Removing Nginx-related cron jobs...
2024-11-25 12:55:19 - Crontab backup saved.
2024-11-25 12:55:19 - No Nginx-related cron jobs found.
2024-11-25 12:55:19 - Starting Nginx uninstallation script.
2024-11-25 12:55:19 - Step 1: Checking if Nginx is running.
2024-11-25 12:55:19 - Nginx is running. Attempting to stop it...
2024-11-25 12:55:22 - Failed to stop Nginx. Proceeding with uninstallation.
2024-11-25 12:55:22 - Step 2: Uninstalling Nginx using Homebrew...
2024-11-25 12:55:23 - Failed to uninstall Nginx. It may not be installed.
2024-11-25 12:55:23 - Step 3: Removing Nginx configuration files...
2024-11-25 12:55:23 - Nginx configuration file does not exist.
2024-11-25 12:55:23 - Step 4: Removing /usr/local/var/www directory...
2024-11-25 12:55:23 - /usr/local/var/www directory does not exist.
2024-11-25 12:55:23 - Step 4: Removing /usr/local/var/run directory...
2024-11-25 12:55:23 - /usr/local/var/run directory does not exist.
2024-11-25 12:55:23 - Step 5: Removing Nginx LaunchDaemon plist...
2024-11-25 12:55:23 - Nginx LaunchDaemon plist does not exist.
2024-11-25 12:55:23 - Step 6: Ensuring Nginx service is stopped on boot...
2024-11-25 12:55:24 - Nginx service stopped from starting on boot.
2024-11-25 12:55:24 - Step 7: Removing Nginx-related cron jobs...
2024-11-25 12:55:24 - Crontab backup saved.
2024-11-25 12:55:24 - No Nginx-related cron jobs found.
2024-11-25 13:03:37 - Starting Nginx uninstallation script.
2024-11-25 13:03:37 - Step 1: Checking if Nginx is running.
2024-11-25 13:03:37 - Nginx is running. Attempting to stop it...
2024-11-25 13:03:40 - Failed to stop Nginx. Proceeding with uninstallation.
2024-11-25 13:03:40 - Step 2: Uninstalling Nginx using Homebrew...
2024-11-25 13:03:42 - Failed to uninstall Nginx. It may not be installed.
2024-11-25 13:03:42 - Step 3: Removing Nginx configuration files...
2024-11-25 13:03:42 - Nginx configuration file does not exist.
2024-11-25 13:03:42 - Step 4: Removing /usr/local/var/www directory...
2024-11-25 13:03:42 - /usr/local/var/www directory does not exist.
2024-11-25 13:03:42 - Step 4: Removing /usr/local/var/run directory...
2024-11-25 13:03:42 - /usr/local/var/run directory does not exist.
2024-11-25 13:03:42 - Step 5: Removing Nginx LaunchDaemon plist...
2024-11-25 13:03:42 - Nginx LaunchDaemon plist does not exist.
2024-11-25 13:03:42 - Step 6: Ensuring Nginx service is stopped on boot...
2024-11-25 13:03:43 - Nginx service stopped from starting on boot.
2024-11-25 13:03:43 - Step 7: Removing Nginx-related cron jobs...
2024-11-25 13:03:43 - Crontab backup saved.
2024-11-25 13:03:43 - No Nginx-related cron jobs found.
2024-11-25 13:03:43 - Nginx uninstallation completed.
2024-11-25 13:07:00 - Starting Nginx uninstallation script.
2024-11-25 13:07:00 - Step 1: Checking if Nginx is running.
2024-11-25 13:07:00 - Nginx is running. Attempting to stop it...
2024-11-25 13:07:03 - Failed to stop Nginx. Proceeding with uninstallation.
2024-11-25 13:07:03 - Step 2: Uninstalling Nginx using Homebrew...
2024-11-25 13:07:04 - Failed to uninstall Nginx. It may not be installed.
2024-11-25 13:07:04 - Step 3: Removing Nginx configuration files...
2024-11-25 13:07:04 - Nginx configuration file does not exist.
2024-11-25 13:07:04 - Step 4: Removing /usr/local/var/www directory...
2024-11-25 13:07:04 - /usr/local/var/www directory does not exist.
2024-11-25 13:07:04 - Step 4: Removing /usr/local/var/run directory...
2024-11-25 13:07:04 - /usr/local/var/run directory does not exist.
2024-11-25 13:07:04 - Step 5: Removing Nginx LaunchDaemon plist...
2024-11-25 13:07:04 - Nginx LaunchDaemon plist does not exist.
2024-11-25 13:07:04 - Step 6: Ensuring Nginx service is stopped on boot...
2024-11-25 13:07:05 - Nginx service stopped from starting on boot.
2024-11-25 13:07:05 - Step 7: Removing Nginx-related cron jobs...
2024-11-25 13:07:05 - Crontab backup saved.
2024-11-25 13:07:05 - Nginx-related cron jobs removed successfully.
2024-11-25 13:13:52 - Starting Nginx uninstallation script.
2024-11-25 13:13:52 - Step 1: Checking if Nginx is running.
2024-11-25 13:13:52 - Nginx is running. Attempting to stop it...
2024-11-25 13:13:55 - Failed to stop Nginx. Proceeding with uninstallation.
2024-11-25 13:13:55 - Step 2: Uninstalling Nginx using Homebrew...
2024-11-25 13:13:57 - Nginx uninstalled successfully.
2024-11-25 13:13:57 - Step 3: Removing Nginx configuration files...
2024-11-25 13:14:00 - Nginx configuration file removed.
2024-11-25 13:14:00 - Step 4: Removing /usr/local/var/www directory...
2024-11-25 13:14:00 - /usr/local/var/www directory removed.
2024-11-25 13:14:00 - Step 4: Removing /usr/local/var/run directory...
2024-11-25 13:14:00 - /usr/local/var/run directory removed.
2024-11-25 13:14:00 - Step 5: Removing Nginx LaunchDaemon plist...
2024-11-25 13:14:00 - Nginx LaunchDaemon plist does not exist.
2024-11-25 13:14:00 - Step 6: Ensuring Nginx service is stopped on boot...
2024-11-25 13:14:01 - Nginx service stopped from starting on boot.
2024-11-25 13:14:01 - Step 7: Removing Nginx-related cron jobs...
2024-11-25 13:14:01 - Crontab backup saved.
2024-11-25 13:14:01 - Nginx-related cron jobs removed successfully.
2024-11-25 13:17:46 - Starting Nginx uninstallation script.
2024-11-25 13:17:46 - Step 1: Checking if Nginx is running.
2024-11-25 13:17:46 - Nginx is running. Attempting to stop it...
2024-11-25 13:17:49 - Failed to stop Nginx. Proceeding with uninstallation.
2024-11-25 13:17:49 - Step 2: Uninstalling Nginx using Homebrew...
2024-11-25 13:17:51 - Nginx uninstalled successfully.
2024-11-25 13:17:51 - Step 3: Removing Nginx configuration files...
2024-11-25 13:17:54 - Nginx configuration file removed.
2024-11-25 13:17:54 - Step 4: Removing /usr/local/var/www directory...
2024-11-25 13:17:54 - /usr/local/var/www directory removed.
2024-11-25 13:17:54 - Step 4: Removing /usr/local/var/run directory...
2024-11-25 13:17:54 - /usr/local/var/run directory removed.
2024-11-25 13:17:54 - Step 5: Removing Nginx LaunchDaemon plist...
2024-11-25 13:17:54 - Nginx LaunchDaemon plist does not exist.
2024-11-25 13:17:54 - Step 6: Ensuring Nginx service is stopped on boot...
2024-11-25 13:17:55 - Nginx service stopped from starting on boot.
2024-11-25 13:17:55 - Step 7: Removing Nginx-related cron jobs...
2024-11-25 13:17:55 - Crontab backup saved.
2024-11-25 13:17:55 - Nginx-related cron jobs removed successfully.
2024-11-25 13:27:49 - Starting Nginx uninstallation script.
2024-11-25 13:27:49 - Step 1: Checking if Nginx is running.
2024-11-25 13:27:49 - Nginx is running. Attempting to stop it...
2024-11-25 13:27:52 - Failed to stop Nginx. Proceeding with uninstallation.
2024-11-25 13:27:52 - Step 2: Uninstalling Nginx using Homebrew...
2024-11-25 13:27:54 - Nginx uninstalled successfully.
2024-11-25 13:27:54 - Step 3: Removing Nginx configuration files...
2024-11-25 13:27:58 - Nginx configuration file removed.
2024-11-25 13:27:58 - Step 4: Removing /usr/local/var/www directory...
2024-11-25 13:27:58 - /usr/local/var/www directory removed.
2024-11-25 13:27:58 - Step 4: Removing /usr/local/var/run directory...
2024-11-25 13:27:58 - /usr/local/var/run directory removed.
2024-11-25 13:27:58 - Step 5: Removing Nginx LaunchDaemon plist...
2024-11-25 13:27:58 - Nginx LaunchDaemon plist does not exist.
2024-11-25 13:27:58 - Step 6: Ensuring Nginx service is stopped on boot...
2024-11-25 13:27:59 - Nginx service stopped from starting on boot.
2024-11-25 13:27:59 - Step 7: Removing Nginx-related cron jobs...
2024-11-25 13:27:59 - Crontab backup saved.
2024-11-25 13:27:59 - Nginx-related cron jobs removed successfully.
2024-11-25 13:34:57 - Starting Nginx uninstallation script.
2024-11-25 13:34:57 - Step 1: Checking if Nginx is running.
2024-11-25 13:34:57 - Nginx is running. Attempting to stop it...
2024-11-25 13:35:00 - Failed to stop Nginx. Proceeding with uninstallation.
2024-11-25 13:35:00 - Step 2: Uninstalling Nginx using Homebrew...
2024-11-25 13:35:01 - Nginx uninstalled successfully.
2024-11-25 13:35:01 - Step 3: Removing Nginx configuration files...
2024-11-25 13:35:05 - Nginx configuration file removed.
2024-11-25 13:35:05 - Step 4: Removing /usr/local/var/www directory...
2024-11-25 13:35:05 - /usr/local/var/www directory removed.
2024-11-25 13:35:05 - Step 4: Removing /usr/local/var/run directory...
2024-11-25 13:35:05 - /usr/local/var/run directory removed.
2024-11-25 13:35:05 - Step 5: Removing Nginx LaunchDaemon plist...
2024-11-25 13:35:05 - Nginx LaunchDaemon plist does not exist.
2024-11-25 13:35:05 - Step 6: Ensuring Nginx service is stopped on boot...
2024-11-25 13:35:05 - Nginx service stopped from starting on boot.
2024-11-25 13:35:05 - Step 7: Removing Nginx-related cron jobs...
2024-11-25 13:35:05 - Crontab backup saved.
2024-11-25 13:35:05 - No Nginx-related cron jobs found.
2024-11-25 13:38:55 - Starting Nginx uninstallation script.
2024-11-25 13:38:55 - Step 1: Checking if Nginx is running.
2024-11-25 13:38:55 - Nginx is running. Attempting to stop it...
2024-11-25 13:38:58 - Failed to stop Nginx. Proceeding with uninstallation.
2024-11-25 13:38:58 - Step 2: Uninstalling Nginx using Homebrew...
2024-11-25 13:38:59 - Failed to uninstall Nginx. It may not be installed.
2024-11-25 13:38:59 - Step 3: Removing Nginx configuration files...
2024-11-25 13:38:59 - Nginx configuration file does not exist.
2024-11-25 13:38:59 - Step 4: Removing /usr/local/var/www directory...
2024-11-25 13:38:59 - /usr/local/var/www directory does not exist.
2024-11-25 13:38:59 - Step 4: Removing /usr/local/var/run directory...
2024-11-25 13:38:59 - /usr/local/var/run directory does not exist.
2024-11-25 13:38:59 - Step 5: Removing Nginx LaunchDaemon plist...
2024-11-25 13:38:59 - Nginx LaunchDaemon plist does not exist.
2024-11-25 13:38:59 - Step 6: Ensuring Nginx service is stopped on boot...
2024-11-25 13:39:00 - Nginx service stopped from starting on boot.
2024-11-25 13:39:00 - Step 7: Removing Nginx-related cron jobs...
2024-11-25 13:39:00 - Crontab backup saved.
2024-11-25 13:39:00 - Clearing all cron jobs for the user...
2024-11-25 13:39:00 - All cron jobs cleared.
2024-11-25 13:39:00 - No Nginx-related cron jobs found.
2024-11-25 19:05:17 - Starting Nginx uninstallation script.
2024-11-25 19:05:17 - Step 1: Checking if Nginx is running.
2024-11-25 19:05:17 - Nginx is running. Attempting to stop it...
2024-11-25 19:05:20 - Failed to stop Nginx. Proceeding with uninstallation.
2024-11-25 19:05:20 - Step 2: Uninstalling Nginx using Homebrew...
2024-11-25 19:05:22 - Nginx uninstalled successfully.
2024-11-25 19:05:22 - Step 3: Removing Nginx configuration files...
2024-11-25 19:05:25 - Nginx configuration file removed.
2024-11-25 19:05:32 - User chose not to remove /usr/local/var/www directory.
2024-11-25 19:05:32 - Step 4: Removing /usr/local/var/run directory...
2024-11-25 19:05:32 - /usr/local/var/run directory removed.
2024-11-25 19:05:32 - Step 5: Removing Nginx LaunchDaemon plist...
2024-11-25 19:05:32 - Nginx LaunchDaemon plist does not exist.
2024-11-25 19:05:32 - Step 6: Ensuring Nginx service is stopped on boot...
2024-11-25 19:05:33 - Nginx service stopped from starting on boot.
2024-11-25 19:05:33 - Step 7: Removing Nginx-related cron jobs...
2024-11-25 19:05:33 - Crontab backup saved.
2024-11-25 19:05:33 - Clearing all cron jobs for the user...
2024-11-25 19:05:33 - All cron jobs cleared.
2024-11-25 19:05:33 - Nginx-related cron jobs removed successfully.
2024-11-25 19:12:29 - Starting Nginx uninstallation script.
2024-11-25 19:12:29 - Step 1: Checking if Nginx is running.
2024-11-25 19:12:29 - Nginx is running. Attempting to stop it...
2024-11-25 19:12:31 - Failed to stop Nginx. Proceeding with uninstallation.
2024-11-25 19:12:31 - Step 2: Uninstalling Nginx using Homebrew...
2024-11-25 19:12:33 - Nginx uninstalled successfully.
2024-11-25 19:12:33 - Step 3: Removing Nginx configuration files...
2024-11-25 19:12:37 - Nginx configuration file removed.
2024-11-25 19:12:39 - User chose not to remove /usr/local/var/www directory.
2024-11-25 19:12:39 - Step 4: Removing /usr/local/var/run directory...
2024-11-25 19:12:39 - /usr/local/var/run directory removed.
2024-11-25 19:12:39 - Step 5: Removing Nginx LaunchDaemon plist...
2024-11-25 19:12:39 - Nginx LaunchDaemon plist does not exist.
2024-11-25 19:12:39 - Step 6: Ensuring Nginx service is stopped on boot...
2024-11-25 19:12:39 - Nginx service stopped from starting on boot.
2024-11-25 19:12:39 - Step 7: Removing Nginx-related cron jobs...
2024-11-25 19:12:39 - Crontab backup saved.
2024-11-25 19:12:39 - Nginx-related cron jobs removed successfully.
2024-11-25 19:12:39 - Step 8: Removing test cron jobs...
2024-11-25 19:12:40 - Test cron jobs removed successfully.
2024-11-25 19:12:40 - Nginx uninstallation completed.
2024-11-25 19:53:57 - Starting Nginx uninstallation script.
2024-11-25 19:53:57 - Step 1: Checking if Nginx is running.
2024-11-25 19:53:57 - Nginx is not running.
2024-11-25 19:53:57 - Step 2: Uninstalling Nginx using Homebrew...
2024-11-25 19:53:59 - Step 3: Removing Nginx configuration files...
2024-11-25 19:54:03 - Nginx configuration file removed.
2024-11-25 19:54:05 - User chose not to remove /usr/local/var/www directory.
2024-11-25 19:54:05 - /usr/local/var/run directory removed.
2024-11-25 19:54:05 - Step 6: Removing Nginx LaunchDaemon plist...
2024-11-25 19:54:05 - Step 7: Ensuring Nginx service is stopped on boot...
2024-11-25 19:54:06 - Step 8: Removing Nginx-related cron jobs...
2024-11-25 19:54:06 - Step 9: Removing test cron jobs...
2024-11-25 19:54:06 - Nginx uninstallation completed.
