Directories /Users/kyleabrahams/Documents/GitHub/tv/log and /usr/local/var/www created or verified.
Starting Nginx installation script.
Homebrew is already installed.
Installing or updating Nginx...
Custom nginx.conf not found!
Directories /Users/kyleabrahams/Documents/GitHub/tv/log and /usr/local/var/www created or verified.
Starting Nginx installation script.
Homebrew is already installed.
Installing or updating Nginx...
Custom Nginx configuration copied successfully.
Virtual environment created successfully.
Command failed: /Users/kyleabrahams/Documents/GitHub/tv/venv/bin/pip install requests pytz
/bin/sh: /Users/kyleabrahams/Documents/GitHub/tv/venv/bin/pip: No such file or directory

Directories /Users/kyleabrahams/Documents/GitHub/tv/log and /usr/local/var/www created or verified.
Starting Nginx installation script.
Homebrew is already installed.
Installing or updating Nginx...
Custom Nginx configuration copied successfully.
Virtual environment created successfully.
Command failed: /Users/kyleabrahams/Documents/GitHub/tv/venv/bin/pip install --upgrade pip
/bin/sh: /Users/kyleabrahams/Documents/GitHub/tv/venv/bin/pip: No such file or directory

Directories /Users/kyleabrahams/Documents/GitHub/tv/log and /usr/local/var/www created or verified.
Starting Nginx installation script.
Homebrew is already installed.
Installing or updating Nginx...
Custom Nginx configuration copied successfully.
Virtual environment created successfully.
pip not found in the virtual environment at /Users/kyleabrahams/venv/bin/pip.
Directories /Users/kyleabrahams/Documents/GitHub/tv/log and /usr/local/var/www created or verified.
Starting Nginx installation script.
Homebrew is already installed.
Installing or updating Nginx...
Custom Nginx configuration copied successfully.
Virtual environment created successfully.
pip not found in the virtual environment at /Users/kyleabrahams/Documents/GitHub/tv/venv/bin/pip.
Directories /Users/kyleabrahams/Documents/GitHub/tv/log and /usr/local/var/www created or verified.
Starting Nginx installation script.
Homebrew is already installed.
Installing or updating Nginx...
Custom Nginx configuration copied successfully.
Virtual environment created successfully.
pip not found in the virtual environment at /Users/kyleabrahams/Documents/GitHub/tv/scripts/venv/bin/pip.
Directories /Users/kyleabrahams/Documents/GitHub/tv/log and /usr/local/var/www created or verified.
Starting Nginx installation script.
Homebrew is already installed.
Installing or updating Nginx...
Custom Nginx configuration copied successfully.
Virtual environment created successfully.
pip not found in the virtual environment at /Users/kyleabrahams/Documents/GitHub/tv/scripts/venv/bin/pip.
Directories /Users/kyleabrahams/Documents/GitHub/tv/log and /usr/local/var/www created or verified.
Starting Nginx installation script.
Homebrew is already installed.
Installing or updating Nginx...
Custom Nginx configuration copied successfully.
Virtual environment created successfully.
pip not found in the virtual environment at /Users/kyleabrahams/Documents/GitHub/tv/scripts/venv/bin/pip.
