2024-11-25 20:14:45 - Starting Nginx installation script.
2024-11-25 20:14:45 - Homebrew is already installed.
2024-11-25 20:14:45 - Installing or updating Nginx...
2024-11-25 20:14:49 - Custom nginx.conf not found!
2024-11-25 20:17:47 - Starting Nginx installation script.
2024-11-25 20:17:47 - Homebrew is already installed.
2024-11-25 20:17:47 - Installing or updating Nginx...
2024-11-25 20:17:52 - Custom Nginx configuration copied successfully.
2024-11-25 20:17:52 - Directories /usr/local/var/www and /Users/kyleabrahams/Documents/GitHub/tv/scripts/log created or verified.
2024-11-25 20:17:52 - Virtual environment created successfully.
2024-11-25 20:17:52 - Setting up cron jobs...
2024-11-25 20:17:52 - Cron jobs set up successfully.
2024-11-25 20:17:52 - Nginx installation completed successfully.
2024-11-25 20:26:38 - Starting Nginx installation script.
2024-11-25 20:26:38 - Homebrew is already installed.
2024-11-25 20:26:38 - Installing or updating Nginx...
2024-11-25 20:26:45 - Custom Nginx configuration copied successfully.
2024-11-25 20:26:45 - Directories /usr/local/var/www and /Users/kyleabrahams/Documents/GitHub/tv/scripts/log created or verified.
2024-11-25 20:26:45 - Virtual environment created successfully.
2024-11-25 20:26:45 - Setting up cron jobs...
2024-11-25 20:26:45 - Cron jobs set up successfully.
2024-11-25 20:26:45 - Nginx installation completed successfully.
2024-11-25 20:31:22 - Starting Nginx installation script.
2024-11-25 20:31:22 - Homebrew is already installed.
2024-11-25 20:31:22 - Installing or updating Nginx...
2024-11-25 20:31:29 - Custom Nginx configuration copied successfully.
2024-11-25 20:31:29 - Directories /usr/local/var/www and /Users/kyleabrahams/Documents/GitHub/tv/scripts/log created or verified.
2024-11-25 20:31:29 - Virtual environment created successfully.
2024-11-25 20:31:29 - Setting up cron jobs...
2024-11-25 20:31:29 - Cron jobs set up successfully.
2024-11-25 20:31:29 - Nginx installation completed successfully.
2024-11-25 21:10:48 - Starting Nginx installation script.
2024-11-25 21:10:48 - Homebrew is already installed.
2024-11-25 21:10:48 - Installing or updating Nginx...
2024-11-25 21:10:59 - Custom Nginx configuration copied successfully.
2024-11-25 21:10:59 - Directories /usr/local/var/www and /Users/kyleabrahams/Documents/GitHub/tv/scripts/log created or verified.
2024-11-25 21:10:59 - Virtual environment created successfully.
2024-11-25 21:10:59 - Setting up cron jobs...
2024-11-25 21:10:59 - Cron jobs set up successfully.
2024-11-25 21:10:59 - Nginx installation completed successfully.
2024-11-25 21:13:31 - Starting Nginx installation script.
2024-11-25 21:13:31 - Homebrew is already installed.
2024-11-25 21:13:31 - Installing or updating Nginx...
2024-11-25 21:13:37 - Custom Nginx configuration copied successfully.
2024-11-25 21:13:37 - Directories /usr/local/var/www and /Users/kyleabrahams/Documents/GitHub/tv/scripts/log created or verified.
2024-11-25 21:13:37 - Virtual environment created successfully.
2024-11-25 21:13:37 - Setting up cron jobs...
2024-11-25 21:13:37 - Cron jobs set up successfully.
2024-11-25 21:13:37 - Nginx installation completed successfully.
2024-11-25 21:14:24 - Starting Nginx installation script.
2024-11-25 21:14:24 - Homebrew is already installed.
2024-11-25 21:14:24 - Installing or updating Nginx...
2024-11-25 21:14:30 - Custom Nginx configuration copied successfully.
2024-11-25 21:14:30 - Directories /usr/local/var/www and /Users/kyleabrahams/Documents/GitHub/tv/scripts/log created or verified.
2024-11-25 21:14:30 - Virtual environment created successfully.
2024-11-25 21:14:30 - Setting up cron jobs...
2024-11-25 21:14:30 - Cron jobs set up successfully.
2024-11-25 21:14:30 - Nginx installation completed successfully.
2024-11-25 21:16:31 - Starting Nginx installation script.
2024-11-25 21:16:31 - Homebrew is already installed.
2024-11-25 21:16:31 - Installing or updating Nginx...
2024-11-25 21:16:38 - Custom Nginx configuration copied successfully.
2024-11-25 21:16:38 - Directories /usr/local/var/www and /Users/kyleabrahams/Documents/GitHub/tv/scripts/log created or verified.
2024-11-25 21:16:38 - Virtual environment created successfully.
2024-11-25 21:16:38 - Setting up cron jobs...
2024-11-25 21:16:38 - Cron jobs set up successfully.
2024-11-25 21:16:38 - Nginx installation completed successfully.
