Traceback (most recent call last):
  File "/Users/kyleabrahams/Documents/GitHub/tv/scripts/merge_epg.py", line 1, in <module>
    import requests
ModuleNotFoundError: No module named 'requests'
Traceback (most recent call last):
  File "/Users/kyleabrahams/Documents/GitHub/tv/scripts/merge_epg.py", line 1, in <module>
    import requests
ModuleNotFoundError: No module named 'requests'
Traceback (most recent call last):
  File "/Users/kyleabrahams/Documents/GitHub/tv/scripts/merge_epg.py", line 1, in <module>
    import requests
ModuleNotFoundError: No module named 'requests'
Traceback (most recent call last):
  File "/Users/kyleabrahams/Documents/GitHub/tv/scripts/merge_epg.py", line 1, in <module>
    import requests
ModuleNotFoundError: No module named 'requests'
Traceback (most recent call last):
  File "/Users/kyleabrahams/Documents/GitHub/tv/scripts/merge_epg.py", line 1, in <module>
    import requests
ModuleNotFoundError: No module named 'requests'
bash: /usr/bin/python: No such file or directory
bash: /usr/bin/python: No such file or directory
