2024-11-25 20:10:38 - Starting Nginx uninstallation script.
2024-11-25 20:10:38 - Step 1: Checking if Nginx is running.
2024-11-25 20:10:38 - Nginx is not running.
2024-11-25 20:10:38 - Step 2: Uninstalling Nginx using Homebrew...
2024-11-25 20:10:40 - Step 3: Removing Nginx configuration files...
2024-11-25 20:10:43 - Nginx configuration file removed.
2024-11-25 20:10:46 - User chose not to remove /usr/local/var/www directory.
2024-11-25 20:10:46 - Step 6: Removing Nginx LaunchDaemon plist...
2024-11-25 20:10:46 - Step 7: Ensuring Nginx service is stopped on boot...
2024-11-25 20:10:47 - Step 8: Removing Nginx-related cron jobs...
2024-11-25 20:10:47 - Step 9: Removing test cron jobs...
2024-11-25 20:10:47 - Nginx uninstallation completed.
2024-11-25 20:18:38 - Starting Nginx uninstallation script.
2024-11-25 20:18:38 - Step 1: Checking if Nginx is running.
2024-11-25 20:18:38 - Nginx is not running.
2024-11-25 20:18:38 - Step 2: Uninstalling Nginx using Homebrew...
2024-11-25 20:18:40 - Step 3: Removing Nginx configuration files...
2024-11-25 20:18:43 - Nginx configuration file removed.
2024-11-25 20:18:45 - User chose not to remove /usr/local/var/www directory.
2024-11-25 20:18:45 - Step 6: Removing Nginx LaunchDaemon plist...
2024-11-25 20:18:45 - Step 7: Ensuring Nginx service is stopped on boot...
2024-11-25 20:18:46 - Step 8: Removing Nginx-related cron jobs...
2024-11-25 20:18:46 - Step 9: Removing test cron jobs...
2024-11-25 20:18:46 - Nginx uninstallation completed.
2024-11-25 20:21:17 - Starting Nginx uninstallation script.
2024-11-25 20:21:17 - Step 1: Checking if Nginx is running.
2024-11-25 20:21:17 - Nginx is not running.
2024-11-25 20:21:17 - Step 2: Uninstalling Nginx using Homebrew...
2024-11-25 20:21:19 - Error executing command: brew uninstall nginx | Error: Command 'brew uninstall nginx' returned non-zero exit status 1.
2024-11-25 20:21:19 - Step 3: Removing Nginx configuration files...
2024-11-25 20:21:22 - User chose not to remove /usr/local/var/www directory.
2024-11-25 20:21:22 - Step 6: Removing Nginx LaunchDaemon plist...
2024-11-25 20:21:22 - Step 7: Ensuring Nginx service is stopped on boot...
2024-11-25 20:21:23 - Step 8: Removing Nginx-related cron jobs...
2024-11-25 20:21:23 - Nginx-related cron jobs removed.
2024-11-25 20:21:23 - Step 9: Removing test cron jobs...
2024-11-25 20:21:23 - Test cron jobs removed.
2024-11-25 20:21:23 - Nginx uninstallation completed.
2024-11-25 20:24:07 - Starting Nginx uninstallation script.
2024-11-25 20:24:07 - Step 1: Checking if Nginx is running.
2024-11-25 20:24:07 - Nginx is not running.
2024-11-25 20:24:07 - Step 2: Uninstalling Nginx using Homebrew...
2024-11-25 20:24:09 - Error executing command: brew uninstall nginx | Error: Command 'brew uninstall nginx' returned non-zero exit status 1.
2024-11-25 20:24:09 - Step 3: Removing Nginx configuration files...
2024-11-25 20:24:10 - User chose not to remove /usr/local/var/www directory.
2024-11-25 20:24:10 - Step 6: Removing Nginx LaunchDaemon plist...
2024-11-25 20:24:10 - Step 7: Ensuring Nginx service is stopped on boot...
2024-11-25 20:24:11 - Step 8: Removing Nginx-related cron jobs...
2024-11-25 20:24:11 - Nginx-related and merge_epg.py cron jobs removed.
2024-11-25 20:24:11 - Step 9: Removing test cron jobs...
2024-11-25 20:24:11 - Test cron jobs removed.
2024-11-25 20:24:11 - Nginx uninstallation completed.
2024-11-25 20:25:55 - Starting Nginx uninstallation script.
2024-11-25 20:25:55 - Step 1: Checking if Nginx is running.
2024-11-25 20:25:55 - Nginx is not running.
2024-11-25 20:25:55 - Step 2: Uninstalling Nginx using Homebrew...
2024-11-25 20:25:56 - Error executing command: brew uninstall nginx | Error: Command 'brew uninstall nginx' returned non-zero exit status 1.
2024-11-25 20:25:56 - Step 3: Removing Nginx configuration files...
2024-11-25 20:25:58 - User chose not to remove /usr/local/var/www directory.
2024-11-25 20:25:58 - Step 6: Removing Nginx LaunchDaemon plist...
2024-11-25 20:25:58 - Step 7: Ensuring Nginx service is stopped on boot...
2024-11-25 20:25:59 - Step 8: Removing Nginx-related cron jobs...
2024-11-25 20:25:59 - Nginx-related and merge_epg.py cron jobs removed.
2024-11-25 20:25:59 - Step 9: Removing test cron jobs...
2024-11-25 20:25:59 - Test cron jobs removed.
2024-11-25 20:25:59 - Nginx uninstallation completed.
2024-11-25 20:27:51 - Starting Nginx uninstallation script.
2024-11-25 20:27:51 - Step 1: Checking if Nginx is running.
2024-11-25 20:27:51 - Nginx is not running.
2024-11-25 20:27:51 - Step 2: Uninstalling Nginx using Homebrew...
2024-11-25 20:27:52 - Step 3: Removing Nginx configuration files...
2024-11-25 20:27:56 - Nginx configuration file removed.
2024-11-25 20:27:59 - User chose not to remove /usr/local/var/www directory.
2024-11-25 20:27:59 - Step 6: Removing Nginx LaunchDaemon plist...
2024-11-25 20:27:59 - Step 7: Ensuring Nginx service is stopped on boot...
2024-11-25 20:28:00 - Step 8: Removing Nginx-related cron jobs...
2024-11-25 20:28:00 - Nginx-related and merge_epg.py cron jobs removed.
2024-11-25 20:28:00 - Step 9: Removing test cron jobs...
2024-11-25 20:28:00 - Test cron jobs removed.
2024-11-25 20:28:00 - Nginx uninstallation completed.
2024-11-25 20:28:35 - Starting Nginx uninstallation script.
2024-11-25 20:28:35 - Step 1: Checking if Nginx is running.
2024-11-25 20:28:35 - Nginx is not running.
2024-11-25 20:28:35 - Step 2: Uninstalling Nginx using Homebrew...
2024-11-25 20:28:36 - Error executing command: brew uninstall nginx | Error: Command 'brew uninstall nginx' returned non-zero exit status 1.
2024-11-25 20:28:36 - Step 3: Removing Nginx configuration files...
2024-11-25 20:28:39 - User chose not to remove /usr/local/var/www directory.
2024-11-25 20:28:39 - Step 6: Removing Nginx LaunchDaemon plist...
2024-11-25 20:28:39 - Step 7: Ensuring Nginx service is stopped on boot...
2024-11-25 20:28:40 - Step 8: Removing Nginx-related cron jobs...
2024-11-25 20:28:40 - Nginx-related and merge_epg.py cron jobs removed.
2024-11-25 20:28:40 - Step 9: Removing test cron jobs...
2024-11-25 20:28:40 - Test cron jobs removed.
2024-11-25 20:28:40 - Nginx uninstallation completed.
2024-11-25 20:30:59 - Starting Nginx uninstallation script.
2024-11-25 20:30:59 - Step 1: Checking if Nginx is running.
2024-11-25 20:30:59 - Nginx is not running.
2024-11-25 20:30:59 - Step 2: Uninstalling Nginx using Homebrew...
2024-11-25 20:31:00 - Error executing command: brew uninstall nginx | Error: Command 'brew uninstall nginx' returned non-zero exit status 1.
2024-11-25 20:31:00 - Step 3: Removing Nginx configuration files...
2024-11-25 20:31:01 - User chose not to remove /usr/local/var/www directory.
2024-11-25 20:31:01 - Step 6: Removing Nginx LaunchDaemon plist...
2024-11-25 20:31:01 - Step 7: Ensuring Nginx service is stopped on boot...
2024-11-25 20:31:02 - Step 8: Removing Nginx-related cron jobs...
2024-11-25 20:31:02 - Nginx-related and merge_epg.py cron jobs removed.
2024-11-25 20:31:02 - Step 9: Removing test cron jobs...
2024-11-25 20:31:02 - Test cron jobs removed.
2024-11-25 20:31:02 - Nginx uninstallation completed.
2024-11-25 20:31:43 - Starting Nginx uninstallation script.
2024-11-25 20:31:43 - Step 1: Checking if Nginx is running.
2024-11-25 20:31:43 - Nginx is not running.
2024-11-25 20:31:43 - Step 2: Uninstalling Nginx using Homebrew...
2024-11-25 20:31:45 - Step 3: Removing Nginx configuration files...
2024-11-25 20:31:48 - Nginx configuration file removed.
2024-11-25 20:31:51 - User chose not to remove /usr/local/var/www directory.
2024-11-25 20:31:51 - Step 6: Removing Nginx LaunchDaemon plist...
2024-11-25 20:31:51 - Step 7: Ensuring Nginx service is stopped on boot...
2024-11-25 20:31:52 - Step 8: Removing Nginx-related cron jobs...
2024-11-25 20:31:52 - Nginx-related and merge_epg.py cron jobs removed.
2024-11-25 20:31:52 - Step 9: Removing test cron jobs...
2024-11-25 20:31:52 - Test cron jobs removed.
2024-11-25 20:31:52 - Nginx uninstallation completed.
2024-11-25 21:08:33 - Starting Nginx uninstallation script.
2024-11-25 21:08:33 - Step 1: Checking if Nginx is running.
2024-11-25 21:08:33 - Nginx is not running.
2024-11-25 21:08:33 - Step 2: Uninstalling Nginx using Homebrew...
2024-11-25 21:08:34 - Error executing command: brew uninstall nginx | Error: Command 'brew uninstall nginx' returned non-zero exit status 1.
2024-11-25 21:08:34 - Step 3: Removing Nginx configuration files...
2024-11-25 21:08:37 - User chose not to remove /usr/local/var/www directory.
2024-11-25 21:08:37 - Step 6: Removing Nginx LaunchDaemon plist...
2024-11-25 21:08:37 - Step 7: Ensuring Nginx service is stopped on boot...
2024-11-25 21:08:38 - Step 8: Removing Nginx-related cron jobs...
2024-11-25 21:08:38 - Cron jobs backup saved at /Users/kyleabrahams/nginx_uninstall_backups/crontab_backup_20241125_210838.txt
2024-11-25 21:08:38 - Nginx-related and merge_epg.py cron jobs removed.
2024-11-25 21:08:38 - Step 9: Removing test cron jobs...
2024-11-25 21:08:38 - Test cron jobs removed.
2024-11-25 21:08:38 - Nginx uninstallation completed.
2024-11-25 21:09:39 - Starting Nginx uninstallation script.
2024-11-25 21:09:39 - Step 1: Checking if Nginx is running.
2024-11-25 21:09:40 - Nginx is not running.
2024-11-25 21:09:40 - Step 2: Uninstalling Nginx using Homebrew...
2024-11-25 21:09:41 - Error executing command: brew uninstall nginx | Error: Command 'brew uninstall nginx' returned non-zero exit status 1.
2024-11-25 21:09:41 - Step 3: Removing Nginx configuration files...
2024-11-25 21:09:53 - User chose not to remove /usr/local/var/www directory.
2024-11-25 21:09:53 - Step 6: Removing Nginx LaunchDaemon plist...
2024-11-25 21:09:53 - Step 7: Ensuring Nginx service is stopped on boot...
2024-11-25 21:09:54 - Step 8: Removing Nginx-related cron jobs...
2024-11-25 21:09:54 - Nginx-related and merge_epg.py cron jobs removed.
2024-11-25 21:09:54 - Step 9: Removing test cron jobs...
2024-11-25 21:09:54 - Test cron jobs removed.
2024-11-25 21:09:54 - Nginx uninstallation completed.
2024-11-25 21:11:08 - Starting Nginx uninstallation script.
2024-11-25 21:11:08 - Step 1: Checking if Nginx is running.
2024-11-25 21:11:08 - Nginx is not running.
2024-11-25 21:11:08 - Step 2: Uninstalling Nginx using Homebrew...
2024-11-25 21:11:09 - Step 3: Removing Nginx configuration files...
2024-11-25 21:11:14 - Nginx configuration file removed.
2024-11-25 21:11:16 - User chose not to remove /usr/local/var/www directory.
2024-11-25 21:11:16 - Step 6: Removing Nginx LaunchDaemon plist...
2024-11-25 21:11:16 - Step 7: Ensuring Nginx service is stopped on boot...
2024-11-25 21:11:17 - Step 8: Removing Nginx-related cron jobs...
2024-11-25 21:11:17 - Nginx-related and merge_epg.py cron jobs removed.
2024-11-25 21:11:17 - Step 9: Removing test cron jobs...
2024-11-25 21:11:17 - Test cron jobs removed.
2024-11-25 21:11:17 - Nginx uninstallation completed.
2024-11-25 21:13:44 - Starting Nginx uninstallation script.
2024-11-25 21:13:44 - Step 1: Checking if Nginx is running.
2024-11-25 21:13:44 - Nginx is not running.
2024-11-25 21:13:44 - Step 2: Uninstalling Nginx using Homebrew...
2024-11-25 21:13:46 - Step 3: Removing Nginx configuration files...
2024-11-25 21:13:51 - Nginx configuration file removed.
2024-11-25 21:13:53 - User chose not to remove /usr/local/var/www directory.
2024-11-25 21:13:53 - Step 6: Removing Nginx LaunchDaemon plist...
2024-11-25 21:13:53 - Step 7: Ensuring Nginx service is stopped on boot...
2024-11-25 21:13:54 - Step 8: Removing Nginx-related cron jobs...
2024-11-25 21:13:54 - Cron jobs backup saved at /Users/kyleabrahams/Documents/GitHub/tv/scripts/nginx_uninstall_backups/crontab_backup_20241125_211354.txt
2024-11-25 21:13:54 - Nginx-related and merge_epg.py cron jobs removed.
2024-11-25 21:13:54 - Step 9: Removing test cron jobs...
2024-11-25 21:13:54 - Test cron jobs removed.
2024-11-25 21:13:54 - Nginx uninstallation completed.
2024-11-25 21:16:14 - Starting Nginx uninstallation script.
2024-11-25 21:16:14 - Step 1: Checking if Nginx is running.
2024-11-25 21:16:14 - Nginx is not running.
2024-11-25 21:16:14 - Step 2: Uninstalling Nginx using Homebrew...
2024-11-25 21:16:15 - Step 3: Removing Nginx configuration files...
2024-11-25 21:16:18 - Nginx configuration file removed.
2024-11-25 21:16:20 - User chose not to remove /usr/local/var/www directory.
2024-11-25 21:16:20 - Step 6: Removing Nginx LaunchDaemon plist...
2024-11-25 21:16:20 - Step 7: Ensuring Nginx service is stopped on boot...
2024-11-25 21:16:21 - Step 8: Removing Nginx-related cron jobs...
2024-11-25 21:16:21 - Cron jobs backup saved at /Users/kyleabrahams/Documents/GitHub/tv/scripts/nginx_uninstall_backups/crontab_backup_20241125_211621.txt
2024-11-25 21:16:21 - Nginx-related and merge_epg.py cron jobs removed.
2024-11-25 21:16:21 - Step 9: Removing test cron jobs...
2024-11-25 21:16:21 - Test cron jobs removed.
2024-11-25 21:16:21 - Nginx uninstallation completed.
